{
  "time": "2025-11-21T05:02:17.368Z",
  "route": "/api/empresas/:empresaId/sedes/:sedeId/inventario (sede)",
  "params": {
    "empresaId": "31",
    "sedeId": "20"
  },
  "bodyPreview": "{\"id\":1763701336933,\"nombre\":\"PC HP ProDesk 600 G4\",\"categoria\":\"PC\",\"fabricante\":\"HP\",\"modelo\":\"HP ProDesk 600 G4\",\"serie\":\"5CD9273LKT\",\"assetId\":\"\",\"area\":\"Ventas\",\"estadoActivo\":\"activo\",\"estadoOperativo\":\"operativo\",\"fechaCompra\":\"2023-02-15\",\"fechaFinGarantia\":\"\",\"proveedor\":\"Memory Kings\",\"tipoDocumentoCompra\":\"Factura\",\"numeroDocumentoCompra\":\"F001-1234\",\"fechaCompraAprox\":\"\",\"fechaCompraUnknown\":false,\"purchaseDocumentFile\":{},\"garantiaFechaInicio\":\"\",\"garantiaDuracion\":\"1 año\",\"warrantyDocumentFile\":{},\"condicionFisica\":\"Regular\",\"antiguedadCalculada\":\"2.8\",\"ip\":\"192.168.1.34\",\"mac\":\"B4-2E-99-73-A1-0C\",\"usuariosAsignados\":[{\"nombre\":\"Grecia Pérez \",\"correo\":\"grecia@gmail.com\",\"cargo\":\"Asistente\"},{\"nombre\":\"Nicole Pérez\",\"correo\":\"nicolepm@gmail.com\",\"cargo\":\"Administración\"}],\"observaciones\":\"Presenta leves rayaduras en la carcasa, no afecta el funcionamiento. Se detectó ventilación reducida;\\n sugerir uso en área con mejor flujo de aire\",\"empresaId\":\"31\",\"sedeId\":\"20\",\"empresaNombre\":\"Imer\",\"sedeNombre\":\"Sede Ate\",\"empresa\":\"Imer\",\"sede\":\"Sede Ate\",\"pcCpu\":\"\",\"pcCpuGen\":\"\",\"pcCooler\":\"\",\"pcPlacaBase\":\"\",\"pcChipset\":\"\",\"pcRams\":[],\"pcStorages\":[],\"pcGpuIntegrada\":\"\",\"pcGpuDedicada\":\"\",\"pcFuente\":\"\",\"camposPersonalizados\":{\"Memoria RAM\":\"\",\"Disco Duro\":\"\",\"Tarjeta de video\":\"NVIDIA 3070\"},\"camposPersonalizadosArray\":{\"Memoria RAM\":[{\"Cantidad\":\"16\",\"Tipo\":\"DDR4\"}],\"Disco Duro\":[{\"Capacidad\":\"16\",\"Tipo\":\"SSD\"},{\"Capacidad\":\"16\",\"Tipo\":\"HDD\"}]},\"fotos\":[{\"name\":\"PC ANTES.png\",\"description\":\" Se identificó acumulación de polvo en los componentes del equipo, por lo que se realizó la limpieza\"},{\"name\":\"PC DESPUES.png\",\"description\":\"Se realiazó la limpieza a todos los componentes del activo\"}]}",
  "files": [
    {
      "fieldname": "files",
      "originalname": "PC ANTES.png",
      "size": 285194
    },
    {
      "fieldname": "files",
      "originalname": "PC DESPUES.png",
      "size": 351007
    }
  ],
  "error": "error: INSERT tiene más columnas de destino que expresiones\n    at C:\\Users\\Grecia\\Documents\\intisoft-backend\\node_modules\\pg\\lib\\client.js:545:17\n    at processTicksAndRejections (node:internal/process/task_queues:105:5)\n    at async Object.createInventarioWithGeneratedAsset (C:\\Users\\Grecia\\Documents\\intisoft-backend\\src\\modules\\empresas\\repositories\\inventario.repository.ts:670:27)\n    at async Object.crearInventario (C:\\Users\\Grecia\\Documents\\intisoft-backend\\src\\modules\\empresas\\services\\inventario.service.ts:146:21)\n    at async createInventarioSede (C:\\Users\\Grecia\\Documents\\intisoft-backend\\src\\modules\\empresas\\controllers\\inventario.controller.ts:397:24)"
}
-----
{
  "time": "2025-11-21T05:11:33.400Z",
  "route": "/api/empresas/:empresaId/sedes/:sedeId/inventario (sede)",
  "params": {
    "empresaId": "31",
    "sedeId": "20"
  },
  "bodyPreview": "{\"id\":1763701892933,\"nombre\":\"PC HP ProDesk 600 G4\",\"categoria\":\"PC\",\"fabricante\":\"HP\",\"modelo\":\"HP ProDesk 600 G4\",\"serie\":\"5CD9273LKT\",\"assetId\":\"\",\"area\":\"Ventas\",\"estadoActivo\":\"activo\",\"estadoOperativo\":\"operativo\",\"fechaCompra\":\"2023-02-15\",\"fechaFinGarantia\":\"\",\"proveedor\":\"Memory Kings\",\"tipoDocumentoCompra\":\"Factura\",\"numeroDocumentoCompra\":\"F001-1234\",\"fechaCompraAprox\":\"\",\"fechaCompraUnknown\":false,\"purchaseDocumentFile\":{},\"garantiaFechaInicio\":\"\",\"garantiaDuracion\":\"1 año\",\"warrantyDocumentFile\":{},\"condicionFisica\":\"Regular\",\"antiguedadCalculada\":\"2.8\",\"ip\":\"192.168.1.34\",\"mac\":\"B4-2E-99-73-A1-0C\",\"usuariosAsignados\":[{\"nombre\":\"Grecia Pérez \",\"correo\":\"grecia@gmail.com\",\"cargo\":\"Asistente\"},{\"nombre\":\"Nicole Pérez\",\"correo\":\"nicolepm@gmail.com\",\"cargo\":\"Administración\"}],\"observaciones\":\"Presenta leves rayaduras en la carcasa, no afecta el funcionamiento. Se detectó ventilación reducida;\\n sugerir uso en área con mejor flujo de aire\",\"empresaId\":\"31\",\"sedeId\":\"20\",\"empresaNombre\":\"Imer\",\"sedeNombre\":\"Sede Ate\",\"empresa\":\"Imer\",\"sede\":\"Sede Ate\",\"pcCpu\":\"\",\"pcCpuGen\":\"\",\"pcCooler\":\"\",\"pcPlacaBase\":\"\",\"pcChipset\":\"\",\"pcRams\":[],\"pcStorages\":[],\"pcGpuIntegrada\":\"\",\"pcGpuDedicada\":\"\",\"pcFuente\":\"\",\"camposPersonalizados\":{\"Memoria RAM\":\"\",\"Disco Duro\":\"\",\"Tarjeta de video\":\"NVIDIA 3070\"},\"camposPersonalizadosArray\":{\"Memoria RAM\":[{\"Cantidad\":\"16\",\"Tipo\":\"DDR4\"}],\"Disco Duro\":[{\"Capacidad\":\"16\",\"Tipo\":\"SSD\"},{\"Capacidad\":\"16\",\"Tipo\":\"HDD\"}]},\"fotos\":[{\"name\":\"PC ANTES.png\",\"description\":\" Se identificó acumulación de polvo en los componentes del equipo, por lo que se realizó la limpieza\"},{\"name\":\"PC DESPUES.png\",\"description\":\"Se realiazó la limpieza a todos los componentes del activo\"}]}",
  "files": [
    {
      "fieldname": "files",
      "originalname": "PC ANTES.png",
      "size": 285194
    },
    {
      "fieldname": "files",
      "originalname": "PC DESPUES.png",
      "size": 351007
    }
  ],
  "error": "error: INSERT tiene más columnas de destino que expresiones\n    at C:\\Users\\Grecia\\Documents\\intisoft-backend\\node_modules\\pg\\lib\\client.js:545:17\n    at processTicksAndRejections (node:internal/process/task_queues:105:5)\n    at async Object.createInventarioWithGeneratedAsset (C:\\Users\\Grecia\\Documents\\intisoft-backend\\src\\modules\\empresas\\repositories\\inventario.repository.ts:679:27)\n    at async Object.crearInventario (C:\\Users\\Grecia\\Documents\\intisoft-backend\\src\\modules\\empresas\\services\\inventario.service.ts:146:21)\n    at async createInventarioSede (C:\\Users\\Grecia\\Documents\\intisoft-backend\\src\\modules\\empresas\\controllers\\inventario.controller.ts:397:24)"
}
-----
{
  "time": "2025-11-21T05:18:18.430Z",
  "route": "/api/empresas/:empresaId/sedes/:sedeId/inventario (sede)",
  "params": {
    "empresaId": "31",
    "sedeId": "20"
  },
  "bodyPreview": "{\"id\":1763702297956,\"nombre\":\"PC HP ProDesk 600 G4\",\"categoria\":\"PC\",\"fabricante\":\"HP\",\"modelo\":\"HP ProDesk 600 G4\",\"serie\":\"5CD9273LKT\",\"assetId\":\"\",\"area\":\"Ventas\",\"estadoActivo\":\"activo\",\"estadoOperativo\":\"operativo\",\"fechaCompra\":\"2023-02-15\",\"fechaFinGarantia\":\"\",\"proveedor\":\"Memory Kings\",\"tipoDocumentoCompra\":\"Factura\",\"numeroDocumentoCompra\":\"F001-1234\",\"fechaCompraAprox\":\"\",\"fechaCompraUnknown\":false,\"purchaseDocumentFile\":{},\"garantiaFechaInicio\":\"\",\"garantiaDuracion\":\"1 año\",\"warrantyDocumentFile\":{},\"condicionFisica\":\"Regular\",\"antiguedadCalculada\":\"2.8\",\"ip\":\"192.168.1.34\",\"mac\":\"B4-2E-99-73-A1-0C\",\"usuariosAsignados\":[{\"nombre\":\"Grecia Pérez \",\"correo\":\"grecia@gmail.com\",\"cargo\":\"Asistente\"},{\"nombre\":\"Nicole Pérez\",\"correo\":\"nicolepm@gmail.com\",\"cargo\":\"Administración\"}],\"observaciones\":\"Presenta leves rayaduras en la carcasa, no afecta el funcionamiento. Se detectó ventilación reducida;\\n sugerir uso en área con mejor flujo de aire\",\"empresaId\":\"31\",\"sedeId\":\"20\",\"empresaNombre\":\"Imer\",\"sedeNombre\":\"Sede Ate\",\"empresa\":\"Imer\",\"sede\":\"Sede Ate\",\"pcCpu\":\"\",\"pcCpuGen\":\"\",\"pcCooler\":\"\",\"pcPlacaBase\":\"\",\"pcChipset\":\"\",\"pcRams\":[],\"pcStorages\":[],\"pcGpuIntegrada\":\"\",\"pcGpuDedicada\":\"\",\"pcFuente\":\"\",\"camposPersonalizados\":{\"Memoria RAM\":\"\",\"Disco Duro\":\"\",\"Tarjeta de video\":\"NVIDIA 3070\"},\"camposPersonalizadosArray\":{\"Memoria RAM\":[{\"Cantidad\":\"16\",\"Tipo\":\"DDR4\"}],\"Disco Duro\":[{\"Capacidad\":\"16\",\"Tipo\":\"SSD\"},{\"Capacidad\":\"16\",\"Tipo\":\"HDD\"}]},\"fotos\":[{\"name\":\"PC ANTES.png\",\"description\":\" Se identificó acumulación de polvo en los componentes del equipo, por lo que se realizó la limpieza\"},{\"name\":\"PC DESPUES.png\",\"description\":\"Se realiazó la limpieza a todos los componentes del activo\"}]}",
  "files": [
    {
      "fieldname": "files",
      "originalname": "PC ANTES.png",
      "size": 285194
    },
    {
      "fieldname": "files",
      "originalname": "PC DESPUES.png",
      "size": 351007
    }
  ],
  "error": "error: INSERT tiene más columnas de destino que expresiones\n    at C:\\Users\\Grecia\\Documents\\intisoft-backend\\node_modules\\pg\\lib\\client.js:545:17\n    at processTicksAndRejections (node:internal/process/task_queues:105:5)\n    at async Object.createInventarioWithGeneratedAsset (C:\\Users\\Grecia\\Documents\\intisoft-backend\\src\\modules\\empresas\\repositories\\inventario.repository.ts:679:27)\n    at async Object.crearInventario (C:\\Users\\Grecia\\Documents\\intisoft-backend\\src\\modules\\empresas\\services\\inventario.service.ts:146:21)\n    at async createInventarioSede (C:\\Users\\Grecia\\Documents\\intisoft-backend\\src\\modules\\empresas\\controllers\\inventario.controller.ts:397:24)"
}
-----
{
  "time": "2025-11-21T14:50:08.291Z",
  "route": "/api/empresas/:empresaId/sedes/:sedeId/inventario",
  "params": {
    "empresaId": "1"
  },
  "bodyPreview": "{\\",
  "files": [],
  "error": "error: el valor nulo en la columna «categoria» de la relación «inventario» viola la restricción de no nulo\n    at C:\\Users\\Grecia\\Documents\\intisoft-backend\\node_modules\\pg\\lib\\client.js:545:17\n    at processTicksAndRejections (node:internal/process/task_queues:105:5)\n    at async Object.createInventarioWithGeneratedAsset (C:\\Users\\Grecia\\Documents\\intisoft-backend\\src\\modules\\empresas\\repositories\\inventario.repository.ts:692:27)\n    at async Object.crearInventario (C:\\Users\\Grecia\\Documents\\intisoft-backend\\src\\modules\\empresas\\services\\inventario.service.ts:146:21)\n    at async createInventario (C:\\Users\\Grecia\\Documents\\intisoft-backend\\src\\modules\\empresas\\controllers\\inventario.controller.ts:285:24)"
}
-----
{
  "time": "2025-11-21T14:52:16.785Z",
  "route": "/api/empresas/:empresaId/sedes/:sedeId/inventario",
  "params": {
    "empresaId": "1"
  },
  "bodyPreview": "{\\",
  "files": [],
  "error": "error: el valor nulo en la columna «categoria» de la relación «inventario» viola la restricción de no nulo\n    at C:\\Users\\Grecia\\Documents\\intisoft-backend\\node_modules\\pg\\lib\\client.js:545:17\n    at processTicksAndRejections (node:internal/process/task_queues:105:5)\n    at async Object.createInventarioWithGeneratedAsset (C:\\Users\\Grecia\\Documents\\intisoft-backend\\src\\modules\\empresas\\repositories\\inventario.repository.ts:692:27)\n    at async Object.crearInventario (C:\\Users\\Grecia\\Documents\\intisoft-backend\\src\\modules\\empresas\\services\\inventario.service.ts:146:21)\n    at async createInventario (C:\\Users\\Grecia\\Documents\\intisoft-backend\\src\\modules\\empresas\\controllers\\inventario.controller.ts:285:24)"
}
-----
{
  "time": "2025-11-21T14:55:47.147Z",
  "route": "/api/empresas/:empresaId/sedes/:sedeId/inventario",
  "params": {
    "empresaId": "31"
  },
  "bodyPreview": "{\\",
  "files": [],
  "error": "error: el valor nulo en la columna «categoria» de la relación «inventario» viola la restricción de no nulo\n    at C:\\Users\\Grecia\\Documents\\intisoft-backend\\node_modules\\pg\\lib\\client.js:545:17\n    at processTicksAndRejections (node:internal/process/task_queues:105:5)\n    at async Object.createInventarioWithGeneratedAsset (C:\\Users\\Grecia\\Documents\\intisoft-backend\\src\\modules\\empresas\\repositories\\inventario.repository.ts:692:27)\n    at async Object.crearInventario (C:\\Users\\Grecia\\Documents\\intisoft-backend\\src\\modules\\empresas\\services\\inventario.service.ts:146:21)\n    at async createInventario (C:\\Users\\Grecia\\Documents\\intisoft-backend\\src\\modules\\empresas\\controllers\\inventario.controller.ts:285:24)"
}
-----
{"time":"2025-11-21T15:25:23.279Z","location":"createInventarioWithGeneratedAsset - placeholder mismatch","maxPlaceholderIndex":29,"paramsLength":31,"rawDollarCount":29,"insertSnippet":" INSERT INTO inventario ( empresa_id, sede_id, sede_original_id, asset_id, categoria, area, fabricante, modelo, serie, estado_activo, estado_operativo, fecha_compra, proveedor, ip, mac, usuarios_asignados, campos_personalizados, campos_personalizados_array, observaciones, purchase_document_url, warranty_document_url, purchase_document_description, warranty_document_description, tipo_documento_compra, numero_documento_compra, fecha_compra_aprox_year, garantia, antiguedad_anios, antiguedad_meses, antiguedad_text, fotos ) VALUES ($1,$2,$3,$4,$5,$6,$7,$8,$9,$10,$11,$12::date,$13,$14,$15,$16::jsonb,$17::jsonb,$18::jsonb,$19,$20,$21,$22,$23,$24,$25,$26,$27,$28,$29::jsonb) RETURNING * ","paramsPreview":[31,20,20,"PC-0002","PC","Ventas","Escritorio","HP ProDesk 600 G48","5CD9273LKTTY","activo","operativo","2024-02-29","Compu&Vision","192.168.1.34","B4-2E-99-73-A1-0C","[{\"nombre\":\"Carmen Montes\",\"correo\":\"carmenmontes@gmail.com\",\"cargo\":\"Administración\"},{\"nombre\":\"Grecia Pérez\",\"correo\":\"greciaa@gmail.com\",\"cargo\":\"Asistente\"}]","{\"Memoria RAM\":\"\",\"Disco Duro\":\"\",\"Tarjeta de video\":\"NVIDIA 3070\"}","{\"Memoria RAM\":[{\"Cantidad\":\"16\",\"Tipo\":\"DDR4\"},{\"Cantidad\":\"16\",\"Tipo\":\"DDR4\"}],\"Disco Duro\":[{\"Capacidad\":\"500\",\"Tipo\":\"SSD\"},{\"Capacidad\":\"500\",\"Tipo\":\"SSD\"}]}","Presenta leves rayaduras en la carcasa, no afecta el funcionamiento. Se detectó ventilación reducida;\n sugerir uso en área con mejor flujo de aire.",null,null,null,null,"Factura","F001-1234",null,null,1,8,"1 años y 8 meses","[{\"name\":\"PC ANTES.png\",\"description\":\"Se identificó acumulación de polvo en los componentes del equipo, por lo que se realizó la limpieza.\"},{\"name\":\"PC DESPUES.png\",\"description\":\"Se realiazó la limpieza a todos los componentes del activo\"}]"]}
-----
{
  "time": "2025-11-21T15:25:23.295Z",
  "route": "/api/empresas/:empresaId/sedes/:sedeId/inventario (sede)",
  "params": {
    "empresaId": "31",
    "sedeId": "20"
  },
  "bodyPreview": "{\"nombre\":\"PC HP ProDesk 600 G48\",\"categoria\":\"PC\",\"fabricante\":\"Escritorio\",\"modelo\":\"HP ProDesk 600 G48\",\"serie\":\"5CD9273LKTTY\",\"assetId\":\"\",\"area\":\"Ventas\",\"estadoActivo\":\"activo\",\"estadoOperativo\":\"operativo\",\"fechaCompra\":\"2024-02-29\",\"fechaFinGarantia\":\"\",\"proveedor\":\"Compu&Vision\",\"tipoDocumentoCompra\":\"Factura\",\"numeroDocumentoCompra\":\"F001-1234\",\"fechaCompraAprox\":\"\",\"fechaCompraUnknown\":false,\"purchaseDocumentFile\":{},\"garantia\":\"\",\"warrantyDocumentFile\":{},\"condicionFisica\":\"Bueno\",\"antiguedadCalculada\":\"1.7\",\"ip\":\"192.168.1.34\",\"mac\":\"B4-2E-99-73-A1-0C\",\"usuariosAsignados\":[{\"nombre\":\"Carmen Montes\",\"correo\":\"carmenmontes@gmail.com\",\"cargo\":\"Administración\"},{\"nombre\":\"Grecia Pérez\",\"correo\":\"greciaa@gmail.com\",\"cargo\":\"Asistente\"}],\"observaciones\":\"Presenta leves rayaduras en la carcasa, no afecta el funcionamiento. Se detectó ventilación reducida;\\n sugerir uso en área con mejor flujo de aire.\",\"empresaId\":\"31\",\"sedeId\":\"20\",\"empresaNombre\":\"Imer\",\"sedeNombre\":\"Sede Ate\",\"empresa\":\"Imer\",\"sede\":\"Sede Ate\",\"pcCpu\":\"\",\"pcCpuGen\":\"\",\"pcCooler\":\"\",\"pcPlacaBase\":\"\",\"pcChipset\":\"\",\"pcRams\":[],\"pcStorages\":[],\"pcGpuIntegrada\":\"\",\"pcGpuDedicada\":\"\",\"pcFuente\":\"\",\"camposPersonalizados\":{\"Memoria RAM\":\"\",\"Disco Duro\":\"\",\"Tarjeta de video\":\"NVIDIA 3070\"},\"camposPersonalizadosArray\":{\"Memoria RAM\":[{\"Cantidad\":\"16\",\"Tipo\":\"DDR4\"},{\"Cantidad\":\"16\",\"Tipo\":\"DDR4\"}],\"Disco Duro\":[{\"Capacidad\":\"500\",\"Tipo\":\"SSD\"},{\"Capacidad\":\"500\",\"Tipo\":\"SSD\"}]},\"fotos\":[{\"name\":\"PC ANTES.png\",\"description\":\"Se identificó acumulación de polvo en los componentes del equipo, por lo que se realizó la limpieza.\"},{\"name\":\"PC DESPUES.png\",\"description\":\"Se realiazó la limpieza a todos los componentes del activo\"}]}",
  "files": [
    {
      "fieldname": "files",
      "originalname": "PC ANTES.png",
      "size": 285194
    },
    {
      "fieldname": "files",
      "originalname": "PC DESPUES.png",
      "size": 351007
    }
  ],
  "error": "error: INSERT tiene más columnas de destino que expresiones\n    at C:\\Users\\Grecia\\Documents\\intisoft-backend\\node_modules\\pg\\lib\\client.js:545:17\n    at processTicksAndRejections (node:internal/process/task_queues:105:5)\n    at async Object.createInventarioWithGeneratedAsset (C:\\Users\\Grecia\\Documents\\intisoft-backend\\src\\modules\\empresas\\repositories\\inventario.repository.ts:741:27)\n    at async Object.crearInventario (C:\\Users\\Grecia\\Documents\\intisoft-backend\\src\\modules\\empresas\\services\\inventario.service.ts:146:21)\n    at async createInventarioSede (C:\\Users\\Grecia\\Documents\\intisoft-backend\\src\\modules\\empresas\\controllers\\inventario.controller.ts:403:24)"
}
-----
{
  "time": "2025-11-21T16:18:19.546Z",
  "location": "createInventarioSede - upload",
  "error": "CredentialsProviderError: Could not load credentials from any providers\n    at C:\\Users\\Grecia\\Documents\\intisoft-backend\\node_modules\\@aws-sdk\\credential-provider-node\\dist-cjs\\index.js:139:15\n    at C:\\Users\\Grecia\\Documents\\intisoft-backend\\node_modules\\@aws-sdk\\credential-provider-node\\dist-cjs\\index.js:66:26\n    at processTicksAndRejections (node:internal/process/task_queues:105:5)\n    at async provider (C:\\Users\\Grecia\\Documents\\intisoft-backend\\node_modules\\@aws-sdk\\credential-provider-node\\dist-cjs\\index.js:39:13)\n    at async C:\\Users\\Grecia\\Documents\\intisoft-backend\\node_modules\\@smithy\\core\\dist-cjs\\index.js:62:23\n    at async C:\\Users\\Grecia\\Documents\\intisoft-backend\\node_modules\\@aws-sdk\\middleware-sdk-s3\\dist-cjs\\index.js:90:20\n    at async C:\\Users\\Grecia\\Documents\\intisoft-backend\\node_modules\\@aws-sdk\\middleware-logger\\dist-cjs\\index.js:5:26\n    at async Object.uploadFile (C:\\Users\\Grecia\\Documents\\intisoft-backend\\src\\modules\\uploads\\services\\uploads.service.ts:41:3)\n    at async createInventarioSede (C:\\Users\\Grecia\\Documents\\intisoft-backend\\src\\modules\\empresas\\controllers\\inventario.controller.ts:398:28)",
  "files": [
    {
      "fieldname": "files",
      "originalname": "PC ANTES.png",
      "encoding": "7bit",
      "mimetype": "image/png",
      "destination": "C:\\Users\\Grecia\\Documents\\intisoft-backend\\uploads",
      "filename": "1763741896992-PC_ANTES.png",
      "path": "C:\\Users\\Grecia\\Documents\\intisoft-backend\\uploads\\1763741896992-PC_ANTES.png",
      "size": 285194
    },
    {
      "fieldname": "files",
      "originalname": "PC DESPUES.png",
      "encoding": "7bit",
      "mimetype": "image/png",
      "destination": "C:\\Users\\Grecia\\Documents\\intisoft-backend\\uploads",
      "filename": "1763741897417-PC_DESPUES.png",
      "path": "C:\\Users\\Grecia\\Documents\\intisoft-backend\\uploads\\1763741897417-PC_DESPUES.png",
      "size": 351007
    },
    {
      "fieldname": "purchaseDocument",
      "originalname": "Compra Factura.pdf",
      "encoding": "7bit",
      "mimetype": "application/pdf",
      "destination": "C:\\Users\\Grecia\\Documents\\intisoft-backend\\uploads",
      "filename": "1763741897419-Compra_Factura.pdf",
      "path": "C:\\Users\\Grecia\\Documents\\intisoft-backend\\uploads\\1763741897419-Compra_Factura.pdf",
      "size": 1086127
    },
    {
      "fieldname": "purchase_document",
      "originalname": "Compra Factura.pdf",
      "encoding": "7bit",
      "mimetype": "application/pdf",
      "destination": "C:\\Users\\Grecia\\Documents\\intisoft-backend\\uploads",
      "filename": "1763741897424-Compra_Factura.pdf",
      "path": "C:\\Users\\Grecia\\Documents\\intisoft-backend\\uploads\\1763741897424-Compra_Factura.pdf",
      "size": 1086127
    },
    {
      "fieldname": "purchaseDocumentFile",
      "originalname": "Compra Factura.pdf",
      "encoding": "7bit",
      "mimetype": "application/pdf",
      "destination": "C:\\Users\\Grecia\\Documents\\intisoft-backend\\uploads",
      "filename": "1763741897429-Compra_Factura.pdf",
      "path": "C:\\Users\\Grecia\\Documents\\intisoft-backend\\uploads\\1763741897429-Compra_Factura.pdf",
      "size": 1086127
    },
    {
      "fieldname": "purchase_document_file",
      "originalname": "Compra Factura.pdf",
      "encoding": "7bit",
      "mimetype": "application/pdf",
      "destination": "C:\\Users\\Grecia\\Documents\\intisoft-backend\\uploads",
      "filename": "1763741897432-Compra_Factura.pdf",
      "path": "C:\\Users\\Grecia\\Documents\\intisoft-backend\\uploads\\1763741897432-Compra_Factura.pdf",
      "size": 1086127
    },
    {
      "fieldname": "warrantyDocument",
      "originalname": "Garantia.pdf",
      "encoding": "7bit",
      "mimetype": "application/pdf",
      "destination": "C:\\Users\\Grecia\\Documents\\intisoft-backend\\uploads",
      "filename": "1763741897442-Garantia.pdf",
      "path": "C:\\Users\\Grecia\\Documents\\intisoft-backend\\uploads\\1763741897442-Garantia.pdf",
      "size": 1086127
    },
    {
      "fieldname": "warranty_document",
      "originalname": "Garantia.pdf",
      "encoding": "7bit",
      "mimetype": "application/pdf",
      "destination": "C:\\Users\\Grecia\\Documents\\intisoft-backend\\uploads",
      "filename": "1763741897447-Garantia.pdf",
      "path": "C:\\Users\\Grecia\\Documents\\intisoft-backend\\uploads\\1763741897447-Garantia.pdf",
      "size": 1086127
    },
    {
      "fieldname": "warrantyDocumentFile",
      "originalname": "Garantia.pdf",
      "encoding": "7bit",
      "mimetype": "application/pdf",
      "destination": "C:\\Users\\Grecia\\Documents\\intisoft-backend\\uploads",
      "filename": "1763741897451-Garantia.pdf",
      "path": "C:\\Users\\Grecia\\Documents\\intisoft-backend\\uploads\\1763741897451-Garantia.pdf",
      "size": 1086127
    },
    {
      "fieldname": "warranty_document_file",
      "originalname": "Garantia.pdf",
      "encoding": "7bit",
      "mimetype": "application/pdf",
      "destination": "C:\\Users\\Grecia\\Documents\\intisoft-backend\\uploads",
      "filename": "1763741897456-Garantia.pdf",
      "path": "C:\\Users\\Grecia\\Documents\\intisoft-backend\\uploads\\1763741897456-Garantia.pdf",
      "size": 1086127
    }
  ]
}
-----
{
  "time": "2025-11-21T16:22:00.398Z",
  "location": "createInventarioSede - upload",
  "error": "error: el valor nulo en la columna «s3_key» de la relación «uploads» viola la restricción de no nulo\n    at C:\\Users\\Grecia\\Documents\\intisoft-backend\\node_modules\\pg\\lib\\client.js:545:17\n    at processTicksAndRejections (node:internal/process/task_queues:105:5)\n    at async saveUpload (C:\\Users\\Grecia\\Documents\\intisoft-backend\\src\\modules\\uploads\\repositories\\uploads.repository.ts:14:17)\n    at async Object.uploadFile (C:\\Users\\Grecia\\Documents\\intisoft-backend\\src\\modules\\uploads\\services\\uploads.service.ts:59:17)\n    at async createInventarioSede (C:\\Users\\Grecia\\Documents\\intisoft-backend\\src\\modules\\empresas\\controllers\\inventario.controller.ts:398:28)",
  "files": [
    {
      "fieldname": "files",
      "originalname": "PC ANTES.png",
      "encoding": "7bit",
      "mimetype": "image/png",
      "destination": "C:\\Users\\Grecia\\Documents\\intisoft-backend\\uploads",
      "filename": "1763742118255-PC_ANTES.png",
      "path": "C:\\Users\\Grecia\\Documents\\intisoft-backend\\uploads\\1763742118255-PC_ANTES.png",
      "size": 285194
    },
    {
      "fieldname": "files",
      "originalname": "PC DESPUES.png",
      "encoding": "7bit",
      "mimetype": "image/png",
      "destination": "C:\\Users\\Grecia\\Documents\\intisoft-backend\\uploads",
      "filename": "1763742118259-PC_DESPUES.png",
      "path": "C:\\Users\\Grecia\\Documents\\intisoft-backend\\uploads\\1763742118259-PC_DESPUES.png",
      "size": 351007
    },
    {
      "fieldname": "purchaseDocument",
      "originalname": "Compra Factura.pdf",
      "encoding": "7bit",
      "mimetype": "application/pdf",
      "destination": "C:\\Users\\Grecia\\Documents\\intisoft-backend\\uploads",
      "filename": "1763742118261-Compra_Factura.pdf",
      "path": "C:\\Users\\Grecia\\Documents\\intisoft-backend\\uploads\\1763742118261-Compra_Factura.pdf",
      "size": 1086127
    },
    {
      "fieldname": "purchase_document",
      "originalname": "Compra Factura.pdf",
      "encoding": "7bit",
      "mimetype": "application/pdf",
      "destination": "C:\\Users\\Grecia\\Documents\\intisoft-backend\\uploads",
      "filename": "1763742118285-Compra_Factura.pdf",
      "path": "C:\\Users\\Grecia\\Documents\\intisoft-backend\\uploads\\1763742118285-Compra_Factura.pdf",
      "size": 1086127
    },
    {
      "fieldname": "purchaseDocumentFile",
      "originalname": "Compra Factura.pdf",
      "encoding": "7bit",
      "mimetype": "application/pdf",
      "destination": "C:\\Users\\Grecia\\Documents\\intisoft-backend\\uploads",
      "filename": "1763742118289-Compra_Factura.pdf",
      "path": "C:\\Users\\Grecia\\Documents\\intisoft-backend\\uploads\\1763742118289-Compra_Factura.pdf",
      "size": 1086127
    },
    {
      "fieldname": "purchase_document_file",
      "originalname": "Compra Factura.pdf",
      "encoding": "7bit",
      "mimetype": "application/pdf",
      "destination": "C:\\Users\\Grecia\\Documents\\intisoft-backend\\uploads",
      "filename": "1763742118293-Compra_Factura.pdf",
      "path": "C:\\Users\\Grecia\\Documents\\intisoft-backend\\uploads\\1763742118293-Compra_Factura.pdf",
      "size": 1086127
    },
    {
      "fieldname": "warrantyDocument",
      "originalname": "Garantia.pdf",
      "encoding": "7bit",
      "mimetype": "application/pdf",
      "destination": "C:\\Users\\Grecia\\Documents\\intisoft-backend\\uploads",
      "filename": "1763742118296-Garantia.pdf",
      "path": "C:\\Users\\Grecia\\Documents\\intisoft-backend\\uploads\\1763742118296-Garantia.pdf",
      "size": 1086127
    },
    {
      "fieldname": "warranty_document",
      "originalname": "Garantia.pdf",
      "encoding": "7bit",
      "mimetype": "application/pdf",
      "destination": "C:\\Users\\Grecia\\Documents\\intisoft-backend\\uploads",
      "filename": "1763742118300-Garantia.pdf",
      "path": "C:\\Users\\Grecia\\Documents\\intisoft-backend\\uploads\\1763742118300-Garantia.pdf",
      "size": 1086127
    },
    {
      "fieldname": "warrantyDocumentFile",
      "originalname": "Garantia.pdf",
      "encoding": "7bit",
      "mimetype": "application/pdf",
      "destination": "C:\\Users\\Grecia\\Documents\\intisoft-backend\\uploads",
      "filename": "1763742118302-Garantia.pdf",
      "path": "C:\\Users\\Grecia\\Documents\\intisoft-backend\\uploads\\1763742118302-Garantia.pdf",
      "size": 1086127
    },
    {
      "fieldname": "warranty_document_file",
      "originalname": "Garantia.pdf",
      "encoding": "7bit",
      "mimetype": "application/pdf",
      "destination": "C:\\Users\\Grecia\\Documents\\intisoft-backend\\uploads",
      "filename": "1763742118305-Garantia.pdf",
      "path": "C:\\Users\\Grecia\\Documents\\intisoft-backend\\uploads\\1763742118305-Garantia.pdf",
      "size": 1086127
    }
  ]
}
-----
{
  "time": "2025-11-21T16:23:21.393Z",
  "location": "createInventarioSede - upload",
  "error": "error: el valor nulo en la columna «s3_key» de la relación «uploads» viola la restricción de no nulo\n    at C:\\Users\\Grecia\\Documents\\intisoft-backend\\node_modules\\pg\\lib\\client.js:545:17\n    at processTicksAndRejections (node:internal/process/task_queues:105:5)\n    at async saveUpload (C:\\Users\\Grecia\\Documents\\intisoft-backend\\src\\modules\\uploads\\repositories\\uploads.repository.ts:14:17)\n    at async Object.uploadFile (C:\\Users\\Grecia\\Documents\\intisoft-backend\\src\\modules\\uploads\\services\\uploads.service.ts:59:17)\n    at async createInventarioSede (C:\\Users\\Grecia\\Documents\\intisoft-backend\\src\\modules\\empresas\\controllers\\inventario.controller.ts:398:28)",
  "files": [
    {
      "fieldname": "files",
      "originalname": "PC ANTES.png",
      "encoding": "7bit",
      "mimetype": "image/png",
      "destination": "C:\\Users\\Grecia\\Documents\\intisoft-backend\\uploads",
      "filename": "1763742201351-PC_ANTES.png",
      "path": "C:\\Users\\Grecia\\Documents\\intisoft-backend\\uploads\\1763742201351-PC_ANTES.png",
      "size": 285194
    },
    {
      "fieldname": "files",
      "originalname": "PC DESPUES.png",
      "encoding": "7bit",
      "mimetype": "image/png",
      "destination": "C:\\Users\\Grecia\\Documents\\intisoft-backend\\uploads",
      "filename": "1763742201353-PC_DESPUES.png",
      "path": "C:\\Users\\Grecia\\Documents\\intisoft-backend\\uploads\\1763742201353-PC_DESPUES.png",
      "size": 351007
    },
    {
      "fieldname": "purchaseDocument",
      "originalname": "Compra Factura.pdf",
      "encoding": "7bit",
      "mimetype": "application/pdf",
      "destination": "C:\\Users\\Grecia\\Documents\\intisoft-backend\\uploads",
      "filename": "1763742201363-Compra_Factura.pdf",
      "path": "C:\\Users\\Grecia\\Documents\\intisoft-backend\\uploads\\1763742201363-Compra_Factura.pdf",
      "size": 1086127
    },
    {
      "fieldname": "purchase_document",
      "originalname": "Compra Factura.pdf",
      "encoding": "7bit",
      "mimetype": "application/pdf",
      "destination": "C:\\Users\\Grecia\\Documents\\intisoft-backend\\uploads",
      "filename": "1763742201367-Compra_Factura.pdf",
      "path": "C:\\Users\\Grecia\\Documents\\intisoft-backend\\uploads\\1763742201367-Compra_Factura.pdf",
      "size": 1086127
    },
    {
      "fieldname": "purchaseDocumentFile",
      "originalname": "Compra Factura.pdf",
      "encoding": "7bit",
      "mimetype": "application/pdf",
      "destination": "C:\\Users\\Grecia\\Documents\\intisoft-backend\\uploads",
      "filename": "1763742201370-Compra_Factura.pdf",
      "path": "C:\\Users\\Grecia\\Documents\\intisoft-backend\\uploads\\1763742201370-Compra_Factura.pdf",
      "size": 1086127
    },
    {
      "fieldname": "purchase_document_file",
      "originalname": "Compra Factura.pdf",
      "encoding": "7bit",
      "mimetype": "application/pdf",
      "destination": "C:\\Users\\Grecia\\Documents\\intisoft-backend\\uploads",
      "filename": "1763742201373-Compra_Factura.pdf",
      "path": "C:\\Users\\Grecia\\Documents\\intisoft-backend\\uploads\\1763742201373-Compra_Factura.pdf",
      "size": 1086127
    },
    {
      "fieldname": "warrantyDocument",
      "originalname": "Garantia.pdf",
      "encoding": "7bit",
      "mimetype": "application/pdf",
      "destination": "C:\\Users\\Grecia\\Documents\\intisoft-backend\\uploads",
      "filename": "1763742201375-Garantia.pdf",
      "path": "C:\\Users\\Grecia\\Documents\\intisoft-backend\\uploads\\1763742201375-Garantia.pdf",
      "size": 1086127
    },
    {
      "fieldname": "warranty_document",
      "originalname": "Garantia.pdf",
      "encoding": "7bit",
      "mimetype": "application/pdf",
      "destination": "C:\\Users\\Grecia\\Documents\\intisoft-backend\\uploads",
      "filename": "1763742201377-Garantia.pdf",
      "path": "C:\\Users\\Grecia\\Documents\\intisoft-backend\\uploads\\1763742201377-Garantia.pdf",
      "size": 1086127
    },
    {
      "fieldname": "warrantyDocumentFile",
      "originalname": "Garantia.pdf",
      "encoding": "7bit",
      "mimetype": "application/pdf",
      "destination": "C:\\Users\\Grecia\\Documents\\intisoft-backend\\uploads",
      "filename": "1763742201381-Garantia.pdf",
      "path": "C:\\Users\\Grecia\\Documents\\intisoft-backend\\uploads\\1763742201381-Garantia.pdf",
      "size": 1086127
    },
    {
      "fieldname": "warranty_document_file",
      "originalname": "Garantia.pdf",
      "encoding": "7bit",
      "mimetype": "application/pdf",
      "destination": "C:\\Users\\Grecia\\Documents\\intisoft-backend\\uploads",
      "filename": "1763742201383-Garantia.pdf",
      "path": "C:\\Users\\Grecia\\Documents\\intisoft-backend\\uploads\\1763742201383-Garantia.pdf",
      "size": 1086127
    }
  ]
}
-----
{
  "time": "2025-11-21T16:27:17.235Z",
  "location": "createInventarioSede - upload",
  "error": "error: el valor nulo en la columna «s3_key» de la relación «uploads» viola la restricción de no nulo\n    at C:\\Users\\Grecia\\Documents\\intisoft-backend\\node_modules\\pg\\lib\\client.js:545:17\n    at processTicksAndRejections (node:internal/process/task_queues:105:5)\n    at async saveUpload (C:\\Users\\Grecia\\Documents\\intisoft-backend\\src\\modules\\uploads\\repositories\\uploads.repository.ts:14:17)\n    at async Object.uploadFile (C:\\Users\\Grecia\\Documents\\intisoft-backend\\src\\modules\\uploads\\services\\uploads.service.ts:59:17)\n    at async createInventarioSede (C:\\Users\\Grecia\\Documents\\intisoft-backend\\src\\modules\\empresas\\controllers\\inventario.controller.ts:398:28)",
  "files": [
    {
      "fieldname": "files",
      "originalname": "PC ANTES.png",
      "encoding": "7bit",
      "mimetype": "image/png",
      "destination": "C:\\Users\\Grecia\\Documents\\intisoft-backend\\uploads",
      "filename": "1763742437190-PC_ANTES.png",
      "path": "C:\\Users\\Grecia\\Documents\\intisoft-backend\\uploads\\1763742437190-PC_ANTES.png",
      "size": 285194
    },
    {
      "fieldname": "files",
      "originalname": "PC DESPUES.png",
      "encoding": "7bit",
      "mimetype": "image/png",
      "destination": "C:\\Users\\Grecia\\Documents\\intisoft-backend\\uploads",
      "filename": "1763742437192-PC_DESPUES.png",
      "path": "C:\\Users\\Grecia\\Documents\\intisoft-backend\\uploads\\1763742437192-PC_DESPUES.png",
      "size": 351007
    },
    {
      "fieldname": "purchaseDocument",
      "originalname": "Compra Factura.pdf",
      "encoding": "7bit",
      "mimetype": "application/pdf",
      "destination": "C:\\Users\\Grecia\\Documents\\intisoft-backend\\uploads",
      "filename": "1763742437193-Compra_Factura.pdf",
      "path": "C:\\Users\\Grecia\\Documents\\intisoft-backend\\uploads\\1763742437193-Compra_Factura.pdf",
      "size": 1086127
    },
    {
      "fieldname": "purchase_document",
      "originalname": "Compra Factura.pdf",
      "encoding": "7bit",
      "mimetype": "application/pdf",
      "destination": "C:\\Users\\Grecia\\Documents\\intisoft-backend\\uploads",
      "filename": "1763742437197-Compra_Factura.pdf",
      "path": "C:\\Users\\Grecia\\Documents\\intisoft-backend\\uploads\\1763742437197-Compra_Factura.pdf",
      "size": 1086127
    },
    {
      "fieldname": "purchaseDocumentFile",
      "originalname": "Compra Factura.pdf",
      "encoding": "7bit",
      "mimetype": "application/pdf",
      "destination": "C:\\Users\\Grecia\\Documents\\intisoft-backend\\uploads",
      "filename": "1763742437200-Compra_Factura.pdf",
      "path": "C:\\Users\\Grecia\\Documents\\intisoft-backend\\uploads\\1763742437200-Compra_Factura.pdf",
      "size": 1086127
    },
    {
      "fieldname": "purchase_document_file",
      "originalname": "Compra Factura.pdf",
      "encoding": "7bit",
      "mimetype": "application/pdf",
      "destination": "C:\\Users\\Grecia\\Documents\\intisoft-backend\\uploads",
      "filename": "1763742437204-Compra_Factura.pdf",
      "path": "C:\\Users\\Grecia\\Documents\\intisoft-backend\\uploads\\1763742437204-Compra_Factura.pdf",
      "size": 1086127
    },
    {
      "fieldname": "warrantyDocument",
      "originalname": "Garantia.pdf",
      "encoding": "7bit",
      "mimetype": "application/pdf",
      "destination": "C:\\Users\\Grecia\\Documents\\intisoft-backend\\uploads",
      "filename": "1763742437206-Garantia.pdf",
      "path": "C:\\Users\\Grecia\\Documents\\intisoft-backend\\uploads\\1763742437206-Garantia.pdf",
      "size": 1086127
    },
    {
      "fieldname": "warranty_document",
      "originalname": "Garantia.pdf",
      "encoding": "7bit",
      "mimetype": "application/pdf",
      "destination": "C:\\Users\\Grecia\\Documents\\intisoft-backend\\uploads",
      "filename": "1763742437210-Garantia.pdf",
      "path": "C:\\Users\\Grecia\\Documents\\intisoft-backend\\uploads\\1763742437210-Garantia.pdf",
      "size": 1086127
    },
    {
      "fieldname": "warrantyDocumentFile",
      "originalname": "Garantia.pdf",
      "encoding": "7bit",
      "mimetype": "application/pdf",
      "destination": "C:\\Users\\Grecia\\Documents\\intisoft-backend\\uploads",
      "filename": "1763742437213-Garantia.pdf",
      "path": "C:\\Users\\Grecia\\Documents\\intisoft-backend\\uploads\\1763742437213-Garantia.pdf",
      "size": 1086127
    },
    {
      "fieldname": "warranty_document_file",
      "originalname": "Garantia.pdf",
      "encoding": "7bit",
      "mimetype": "application/pdf",
      "destination": "C:\\Users\\Grecia\\Documents\\intisoft-backend\\uploads",
      "filename": "1763742437216-Garantia.pdf",
      "path": "C:\\Users\\Grecia\\Documents\\intisoft-backend\\uploads\\1763742437216-Garantia.pdf",
      "size": 1086127
    }
  ]
}
-----
{
  "time": "2025-11-21T21:32:41.323Z",
  "location": "createInventarioSede - pre-insert diagnostic",
  "payload": {
    "nombre": "PC -",
    "categoria": "PC",
    "fabricante": "Asus",
    "modelo": "",
    "serie": "",
    "assetId": "",
    "area": "Ventas",
    "estadoActivo": "activo",
    "estadoOperativo": "operativo",
    "fechaCompra": "",
    "fechaFinGarantia": "",
    "proveedor": "Tecnologia",
    "tipoDocumentoCompra": "Desconocido",
    "numeroDocumentoCompra": "",
    "fechaCompraAprox": "2022",
    "fechaCompraUnknown": false,
    "purchaseDocumentDescription": "",
    "garantia": "1 año",
    "warrantyDocumentDescription": "",
    "condicionFisica": "BUENO",
    "antiguedadCalculada": "3.9",
    "ip": "2155548456",
    "mac": "14454545",
    "usuariosAsignados": [
      {
        "nombre": "Grecia Perez Montes",
        "correo": "greciaa@gmail.com",
        "cargo": "Asistente"
      }
    ],
    "observaciones": "mckdnckdnkcjndsjcndskjcnsjkcnjksdncksdn",
    "empresaId": "31",
    "sedeId": "20",
    "empresaNombre": "Imer",
    "sedeNombre": "Sede Ate",
    "empresa": "Imer",
    "sede": "Sede Ate",
    "pcCpu": "",
    "pcCpuGen": "",
    "pcCooler": "",
    "pcPlacaBase": "",
    "pcChipset": "",
    "pcRams": [],
    "pcStorages": [],
    "pcGpuIntegrada": "",
    "pcGpuDedicada": "",
    "pcFuente": "",
    "camposPersonalizados": {
      "Memoria RAM": "",
      "Disco Duro": "",
      "Tarjeta de video": "NVIDIA 3070"
    },
    "camposPersonalizadosArray": {
      "Memoria RAM": [
        {
          "Cantidad": "1",
          "Tipo": "DDR4"
        },
        {
          "Cantidad": "16",
          "Tipo": "DDR4"
        }
      ],
      "Disco Duro": [
        {
          "Capacidad": "500",
          "Tipo": "SSD"
        },
        {
          "Capacidad": "500",
          "Tipo": "HDD"
        }
      ]
    },
    "fotos": [],
    "condicion_fisica": "BUENO"
  }
}
-----
{
  "time": "2025-11-21T21:49:45.042Z",
  "location": "createInventarioSede - pre-insert diagnostic",
  "payload": {
    "nombre": "PC -",
    "categoria": "PC",
    "fabricante": "Asus",
    "modelo": "",
    "serie": "",
    "assetId": "",
    "area": "Ventas",
    "estadoActivo": "activo",
    "estadoOperativo": "operativo",
    "fechaCompra": "",
    "fechaFinGarantia": "",
    "proveedor": "Tecnologia",
    "tipoDocumentoCompra": "Desconocido",
    "numeroDocumentoCompra": "",
    "fechaCompraAprox": "2022",
    "fechaCompraUnknown": false,
    "purchaseDocumentDescription": "",
    "garantia": "6 meses",
    "warrantyDocumentDescription": "",
    "condicionFisica": "REGULAR",
    "antiguedadCalculada": "3.9",
    "ip": "2155548456",
    "mac": "14454545",
    "usuariosAsignados": [],
    "observaciones": "",
    "empresaId": "31",
    "sedeId": "20",
    "empresaNombre": "Imer",
    "sedeNombre": "Sede Ate",
    "empresa": "Imer",
    "sede": "Sede Ate",
    "pcCpu": "",
    "pcCpuGen": "",
    "pcCooler": "",
    "pcPlacaBase": "",
    "pcChipset": "",
    "pcRams": [],
    "pcStorages": [],
    "pcGpuIntegrada": "",
    "pcGpuDedicada": "",
    "pcFuente": "",
    "camposPersonalizados": {
      "Memoria RAM": "",
      "Disco Duro": "",
      "Tarjeta de video": "NVIDIA 3070"
    },
    "camposPersonalizadosArray": {
      "Memoria RAM": [
        {
          "Cantidad": "16",
          "Tipo": "DDR4"
        }
      ],
      "Disco Duro": [
        {
          "Capacidad": "500",
          "Tipo": "SSD"
        }
      ]
    },
    "fotos": [],
    "condicion_fisica": "REGULAR"
  }
}
-----
{
  "time": "2025-11-21T22:06:29.217Z",
  "location": "createInventarioSede - pre-insert diagnostic",
  "payload": {
    "nombre": "PC -",
    "categoria": "PC",
    "fabricante": "HP",
    "modelo": "",
    "serie": "",
    "assetId": "",
    "area": "Ventas",
    "estadoActivo": "activo",
    "estadoOperativo": "operativo",
    "fechaCompra": "",
    "fechaFinGarantia": "",
    "proveedor": "Tecnologia",
    "tipoDocumentoCompra": "Desconocido",
    "numeroDocumentoCompra": "",
    "fechaCompraAprox": "2022",
    "fechaCompraUnknown": false,
    "purchaseDocumentDescription": "",
    "garantia": "2 años",
    "warrantyDocumentDescription": "",
    "condicionFisica": "BUENO",
    "antiguedadCalculada": "3.9",
    "ip": "2155548456",
    "mac": "14454545",
    "usuariosAsignados": [
      {
        "nombre": "Grecia Pérez",
        "correo": "greciaa@gmail.com",
        "cargo": "Asistente"
      }
    ],
    "observaciones": "",
    "empresaId": "31",
    "sedeId": "20",
    "empresaNombre": "Imer",
    "sedeNombre": "Sede Ate",
    "empresa": "Imer",
    "sede": "Sede Ate",
    "pcCpu": "",
    "pcCpuGen": "",
    "pcCooler": "",
    "pcPlacaBase": "",
    "pcChipset": "",
    "pcRams": [],
    "pcStorages": [],
    "pcGpuIntegrada": "",
    "pcGpuDedicada": "",
    "pcFuente": "",
    "camposPersonalizados": {
      "Memoria RAM": "",
      "Disco Duro": "",
      "Tarjeta de video": "NVIDIA 3070"
    },
    "camposPersonalizadosArray": {
      "Memoria RAM": [
        {
          "Cantidad": "16",
          "Tipo": "DDR3"
        }
      ],
      "Disco Duro": [
        {
          "Capacidad": "500",
          "Tipo": "SSD"
        }
      ]
    },
    "fotos": [],
    "condicion_fisica": "BUENO"
  }
}
-----
{
  "time": "2025-11-22T15:31:04.844Z",
  "location": "createInventarioSede - pre-insert diagnostic",
  "payload": {
    "nombre": "PC Asus VivoBook 15",
    "categoria": "PC",
    "fabricante": "Asus",
    "modelo": "Asus VivoBook 15",
    "serie": "SN-ASU-983421",
    "assetId": "",
    "area": "Ventas",
    "estadoActivo": "activo",
    "estadoOperativo": "operativo",
    "fechaCompra": "2023-02-08",
    "fechaFinGarantia": "",
    "proveedor": "Deltron S.A.",
    "tipoDocumentoCompra": "Factura",
    "numeroDocumentoCompra": "greree2344",
    "fechaCompraAprox": "",
    "fechaCompraUnknown": false,
    "purchaseDocumentDescription": "",
    "garantia": "",
    "warrantyDocumentDescription": "",
    "condicionFisica": "BUENO",
    "antiguedadCalculada": "2.8",
    "ip": "192.168.1.34",
    "mac": "B4-2E-99-73-A1-0C",
    "usuariosAsignados": [],
    "observaciones": "fvfd",
    "empresaId": "31",
    "sedeId": "20",
    "empresaNombre": "Imer",
    "sedeNombre": "Sede Ate",
    "empresa": "Imer",
    "sede": "Sede Ate",
    "pcCpu": "",
    "pcCpuGen": "",
    "pcCooler": "",
    "pcPlacaBase": "",
    "pcChipset": "",
    "pcRams": [],
    "pcStorages": [],
    "pcGpuIntegrada": "",
    "pcGpuDedicada": "",
    "pcFuente": "",
    "camposPersonalizados": {
      "Memoria RAM": "",
      "Disco Duro": "",
      "Tarjeta de video": "NVIDIA 3070"
    },
    "camposPersonalizadosArray": {
      "Memoria RAM": [
        {
          "Cantidad": "16",
          "Tipo": "DDR4"
        }
      ],
      "Disco Duro": [
        {
          "Capacidad": "500",
          "Tipo": "SSD"
        }
      ]
    },
    "fotos": [],
    "condicion_fisica": "BUENO"
  }
}
-----
{
  "time": "2025-11-22T15:31:36.705Z",
  "location": "createInventarioSede - pre-insert diagnostic",
  "payload": {
    "nombre": "PC -",
    "categoria": "PC",
    "fabricante": "Asus",
    "modelo": "",
    "serie": "",
    "assetId": "",
    "area": "Ventas",
    "estadoActivo": "activo",
    "estadoOperativo": "operativo",
    "fechaCompra": "",
    "fechaFinGarantia": "",
    "proveedor": "",
    "tipoDocumentoCompra": "Desconocido",
    "numeroDocumentoCompra": "",
    "fechaCompraAprox": "",
    "fechaCompraUnknown": false,
    "purchaseDocumentDescription": "",
    "garantia": "1 año",
    "warrantyDocumentDescription": "",
    "condicionFisica": "REGULAR",
    "antiguedadCalculada": "",
    "ip": "",
    "mac": "",
    "usuariosAsignados": [],
    "observaciones": "tgrg",
    "empresaId": "31",
    "sedeId": "20",
    "empresaNombre": "Imer",
    "sedeNombre": "Sede Ate",
    "empresa": "Imer",
    "sede": "Sede Ate",
    "pcCpu": "",
    "pcCpuGen": "",
    "pcCooler": "",
    "pcPlacaBase": "",
    "pcChipset": "",
    "pcRams": [],
    "pcStorages": [],
    "pcGpuIntegrada": "",
    "pcGpuDedicada": "",
    "pcFuente": "",
    "camposPersonalizados": {
      "Memoria RAM": "",
      "Disco Duro": "",
      "Tarjeta de video": "trgtrgr"
    },
    "camposPersonalizadosArray": {
      "Memoria RAM": [
        {
          "Cantidad": "16",
          "Tipo": "DDR3"
        }
      ],
      "Disco Duro": [
        {
          "Capacidad": "500",
          "Tipo": "SSD"
        }
      ]
    },
    "fotos": [],
    "condicion_fisica": "REGULAR"
  }
}
-----
{
  "time": "2025-11-22T15:31:36.764Z",
  "location": "createInventarioSede - pre-insert diagnostic",
  "payload": {
    "nombre": "PC -",
    "categoria": "PC",
    "fabricante": "Asus",
    "modelo": "",
    "serie": "",
    "assetId": "",
    "area": "Ventas",
    "estadoActivo": "activo",
    "estadoOperativo": "operativo",
    "fechaCompra": "",
    "fechaFinGarantia": "",
    "proveedor": "",
    "tipoDocumentoCompra": "Desconocido",
    "numeroDocumentoCompra": "",
    "fechaCompraAprox": "",
    "fechaCompraUnknown": false,
    "purchaseDocumentDescription": "",
    "garantia": "1 año",
    "warrantyDocumentDescription": "",
    "condicionFisica": "REGULAR",
    "antiguedadCalculada": "",
    "ip": "",
    "mac": "",
    "usuariosAsignados": [],
    "observaciones": "tgrg",
    "empresaId": "31",
    "sedeId": "20",
    "empresaNombre": "Imer",
    "sedeNombre": "Sede Ate",
    "empresa": "Imer",
    "sede": "Sede Ate",
    "pcCpu": "",
    "pcCpuGen": "",
    "pcCooler": "",
    "pcPlacaBase": "",
    "pcChipset": "",
    "pcRams": [],
    "pcStorages": [],
    "pcGpuIntegrada": "",
    "pcGpuDedicada": "",
    "pcFuente": "",
    "camposPersonalizados": {
      "Memoria RAM": "",
      "Disco Duro": "",
      "Tarjeta de video": "trgtrgr"
    },
    "camposPersonalizadosArray": {
      "Memoria RAM": [
        {
          "Cantidad": "16",
          "Tipo": "DDR3"
        }
      ],
      "Disco Duro": [
        {
          "Capacidad": "500",
          "Tipo": "SSD"
        }
      ]
    },
    "fotos": [],
    "condicion_fisica": "REGULAR"
  }
}
-----
{
  "time": "2025-11-22T15:35:40.222Z",
  "location": "createInventarioSede - pre-insert diagnostic",
  "payload": {
    "nombre": "PC Asus VivoBook 15",
    "categoria": "PC",
    "fabricante": "Asus",
    "modelo": "Asus VivoBook 15",
    "serie": "SN-ASU-983421",
    "assetId": "",
    "area": "Ventas",
    "estadoActivo": "activo",
    "estadoOperativo": "operativo",
    "fechaCompra": "2022-03-11",
    "fechaFinGarantia": "",
    "proveedor": "Deltron S.A.",
    "tipoDocumentoCompra": "Factura",
    "numeroDocumentoCompra": "F001-1234",
    "fechaCompraAprox": "",
    "fechaCompraUnknown": false,
    "purchaseDocumentDescription": "Detalles de la factura",
    "garantia": "1 año",
    "warrantyDocumentDescription": "Certificado de garantia - Vigente",
    "condicionFisica": "REGULAR",
    "antiguedadCalculada": "3.7",
    "ip": "192.168.1.34",
    "mac": "B4-2E-99-73-A1-0C",
    "usuariosAsignados": [
      {
        "nombre": "Grecia Pérez Montes",
        "correo": "greciapm@gmail.com",
        "cargo": "Asistente"
      },
      {
        "nombre": "Nicole Pérez Montes ",
        "correo": "nicolepm@gmail.com",
        "cargo": "Administradora"
      }
    ],
    "observaciones": "Presenta leves rayaduras en la carcasa, no afecta el funcionamiento. Se detectó ventilación reducida;\n sugerir uso en área con mejor flujo de aire.",
    "empresaId": "31",
    "sedeId": "20",
    "empresaNombre": "Imer",
    "sedeNombre": "Sede Ate",
    "empresa": "Imer",
    "sede": "Sede Ate",
    "pcCpu": "",
    "pcCpuGen": "",
    "pcCooler": "",
    "pcPlacaBase": "",
    "pcChipset": "",
    "pcRams": [],
    "pcStorages": [],
    "pcGpuIntegrada": "",
    "pcGpuDedicada": "",
    "pcFuente": "",
    "camposPersonalizados": {
      "Memoria RAM": "",
      "Disco Duro": "",
      "Tarjeta de video": "NVIDIA 3070"
    },
    "camposPersonalizadosArray": {
      "Memoria RAM": [
        {
          "Cantidad": "16",
          "Tipo": "DDR4"
        },
        {
          "Cantidad": "16",
          "Tipo": "DDR4"
        }
      ],
      "Disco Duro": [
        {
          "Capacidad": "500",
          "Tipo": "SSD"
        },
        {
          "Capacidad": "500",
          "Tipo": "SSD"
        }
      ]
    },
    "fotos": [
      {
        "name": "PC ANTES.png",
        "description": " Se identificó acumulación de polvo en los componentes del equipo, por lo que se realizó la limpieza"
      },
      {
        "name": "PC DESPUES.png",
        "description": "Se realiazó la limpieza a todos los componentes del activo"
      }
    ],
    "purchase_document_description": "Detalles de la factura",
    "warranty_document_description": "Certificado de garantia - Vigente",
    "garantia_duracion": "1 año",
    "condicion_fisica": "REGULAR",
    "uploadedFotos": [
      {
        "name": "PC ANTES.png",
        "description": "",
        "url": "http://localhost:4000/uploads/1763825738115-PC_ANTES.png"
      },
      {
        "name": "PC DESPUES.png",
        "description": "",
        "url": "http://localhost:4000/uploads/1763825738117-PC_DESPUES.png"
      },
      {
        "name": "Compra Factura.pdf",
        "description": "",
        "url": "http://localhost:4000/uploads/1763825738119-Compra_Factura.pdf"
      },
      {
        "name": "Compra Factura.pdf",
        "description": "",
        "url": "http://localhost:4000/uploads/1763825738122-Compra_Factura.pdf"
      },
      {
        "name": "Compra Factura.pdf",
        "description": "",
        "url": "http://localhost:4000/uploads/1763825738126-Compra_Factura.pdf"
      },
      {
        "name": "Compra Factura.pdf",
        "description": "",
        "url": "http://localhost:4000/uploads/1763825738129-Compra_Factura.pdf"
      },
      {
        "name": "Garantia.pdf",
        "description": "",
        "url": "http://localhost:4000/uploads/1763825738133-Garantia.pdf"
      },
      {
        "name": "Garantia.pdf",
        "description": "",
        "url": "http://localhost:4000/uploads/1763825738134-Garantia.pdf"
      },
      {
        "name": "Garantia.pdf",
        "description": "",
        "url": "http://localhost:4000/uploads/1763825738134-Garantia.pdf"
      },
      {
        "name": "Garantia.pdf",
        "description": "",
        "url": "http://localhost:4000/uploads/1763825738135-Garantia.pdf"
      }
    ],
    "purchaseDocumentUrl": "http://localhost:4000/uploads/1763825738129-Compra_Factura.pdf",
    "warrantyDocumentUrl": "http://localhost:4000/uploads/1763825738135-Garantia.pdf"
  }
}
-----
{
  "time": "2025-11-24T17:45:04.500Z",
  "location": "createInventarioSede - pre-insert diagnostic",
  "payload": {
    "nombre": "PC rr",
    "categoria": "PC",
    "fabricante": "",
    "modelo": "rr",
    "serie": "rreerf",
    "assetId": "",
    "area": "Ventas",
    "estadoActivo": "activo",
    "estadoOperativo": "operativo",
    "fechaCompra": "2023-02-24",
    "fechaFinGarantia": "",
    "proveedor": "referfre",
    "tipoDocumentoCompra": "Factura",
    "numeroDocumentoCompra": "",
    "fechaCompraAprox": "",
    "fechaCompraUnknown": false,
    "purchaseDocumentDescription": "",
    "garantia": "1 año",
    "warrantyDocumentDescription": "",
    "condicionFisica": null,
    "antiguedadCalculada": "2.8",
    "ip": "",
    "mac": "",
    "usuariosAsignados": [],
    "observaciones": "",
    "empresaId": "31",
    "sedeId": "20",
    "empresaNombre": "Imer",
    "sedeNombre": "Sede Ate",
    "empresa": "Imer",
    "sede": "Sede Ate",
    "pcCpu": "",
    "pcCpuGen": "",
    "pcCooler": "",
    "pcPlacaBase": "",
    "pcChipset": "",
    "pcRams": [],
    "pcStorages": [],
    "pcGpuIntegrada": "",
    "pcGpuDedicada": "",
    "pcFuente": "",
    "camposPersonalizados": {
      "Memoria RAM": "",
      "Disco Duro": "",
      "Tarjeta de video": "uhkhkh"
    },
    "camposPersonalizadosArray": {
      "Memoria RAM": [
        {
          "Cantidad": "16",
          "Tipo": "DDR4"
        }
      ],
      "Disco Duro": [
        {
          "Capacidad": "500",
          "Tipo": "SSD"
        }
      ]
    },
    "fotos": [],
    "condicion_fisica": null
  }
}
-----
{
  "time": "2025-11-24T18:10:50.984Z",
  "location": "createInventarioSede - pre-insert diagnostic",
  "payload": {
    "nombre": "PC rgerdg",
    "categoria": "PC",
    "fabricante": "Asus",
    "modelo": "rgerdg",
    "serie": "444848484",
    "assetId": "",
    "area": "Ventas",
    "estadoActivo": "activo",
    "estadoOperativo": "operativo",
    "fechaCompra": "2025-02-24",
    "fechaFinGarantia": "2026-02-24",
    "proveedor": "sadsa",
    "tipoDocumentoCompra": "Factura",
    "numeroDocumentoCompra": "",
    "fechaCompraAprox": "",
    "fechaCompraUnknown": false,
    "purchaseDocumentDescription": "",
    "garantia": "1 año",
    "warrantyDocumentDescription": "",
    "condicionFisica": "BUENO",
    "antiguedadCalculada": "0.8",
    "ip": "",
    "mac": "",
    "usuariosAsignados": [],
    "observaciones": "",
    "empresaId": "31",
    "sedeId": "20",
    "empresaNombre": "Imer",
    "sedeNombre": "Sede Ate",
    "empresa": "Imer",
    "sede": "Sede Ate",
    "pcCpu": "",
    "pcCpuGen": "",
    "pcCooler": "",
    "pcPlacaBase": "",
    "pcChipset": "",
    "pcRams": [],
    "pcStorages": [],
    "pcGpuIntegrada": "",
    "pcGpuDedicada": "",
    "pcFuente": "",
    "camposPersonalizados": {
      "Memoria RAM": "",
      "Disco Duro": "",
      "Tarjeta de video": "NVIDIA 3070"
    },
    "camposPersonalizadosArray": {
      "Memoria RAM": [
        {
          "Cantidad": "16",
          "Tipo": "DDR5"
        },
        {
          "Cantidad": "16",
          "Tipo": "DDR5"
        }
      ],
      "Disco Duro": [
        {
          "Capacidad": "500",
          "Tipo": "SSD"
        }
      ]
    },
    "fotos": [],
    "condicion_fisica": "BUENO"
  }
}
-----
{
  "time": "2025-11-24T18:22:39.867Z",
  "location": "createInventarioSede - pre-insert diagnostic",
  "payload": {
    "nombre": "PC -",
    "categoria": "PC",
    "fabricante": "HP",
    "modelo": "",
    "serie": "",
    "assetId": "",
    "area": "Ventas",
    "estadoActivo": "activo",
    "estadoOperativo": "operativo",
    "fechaCompra": "",
    "fechaFinGarantia": "2023-01-01",
    "proveedor": "",
    "tipoDocumentoCompra": "Desconocido",
    "numeroDocumentoCompra": "",
    "fechaCompraAprox": "2022",
    "fechaCompraUnknown": false,
    "purchaseDocumentDescription": "",
    "garantia": "1 año",
    "warrantyDocumentDescription": "",
    "condicionFisica": "BUENO",
    "antiguedadCalculada": "3.9",
    "ip": "",
    "mac": "",
    "usuariosAsignados": [],
    "observaciones": "",
    "empresaId": "31",
    "sedeId": "20",
    "empresaNombre": "Imer",
    "sedeNombre": "Sede Ate",
    "empresa": "Imer",
    "sede": "Sede Ate",
    "pcCpu": "",
    "pcCpuGen": "",
    "pcCooler": "",
    "pcPlacaBase": "",
    "pcChipset": "",
    "pcRams": [],
    "pcStorages": [],
    "pcGpuIntegrada": "",
    "pcGpuDedicada": "",
    "pcFuente": "",
    "camposPersonalizados": {
      "Memoria RAM": "",
      "Disco Duro": "",
      "Tarjeta de video": "dcmksdc"
    },
    "camposPersonalizadosArray": {
      "Memoria RAM": [
        {
          "Cantidad": "16",
          "Tipo": "DDR3"
        },
        {
          "Cantidad": "16",
          "Tipo": "DDR3"
        }
      ],
      "Disco Duro": [
        {
          "Capacidad": "500",
          "Tipo": "SSD"
        }
      ]
    },
    "fotos": [],
    "condicion_fisica": "BUENO"
  }
}
-----
{"time":"2025-11-24T18:22:39.876Z","location":"createInventarioWithGeneratedAsset - placeholder mismatch","maxPlaceholderIndex":32,"paramsLength":34,"rawDollarCount":32,"insertSnippet":" INSERT INTO inventario ( empresa_id, sede_id, sede_original_id, asset_id, categoria, area, fabricante, modelo, serie, estado_activo, estado_operativo, fecha_compra, proveedor, ip, mac, usuarios_asignados, campos_personalizados, campos_personalizados_array, observaciones, purchase_document_url, warranty_document_url, purchase_document_description, warranty_document_description, tipo_documento_compra, numero_documento_compra, fecha_compra_aprox_year, garantia, condicion_fisica, antiguedad_anios, antiguedad_meses, antiguedad_text, fotos ) VALUES ($1,$2,$3,$4,$5,$6,$7,$8,$9,$10,$11,$12::date,$13,$14,$15,$16::jsonb,$17::jsonb,$18::jsonb,$19,$20,$21,$22,$23,$24,$25,$26,$27,$28,$29,$30,$31,$32::jsonb) RETURNING * ","paramsPreview":[31,20,20,"PC-0004","PC","Ventas","HP",null,null,"activo","operativo",null,null,null,null,"[]","{\"Memoria RAM\":\"\",\"Disco Duro\":\"\",\"Tarjeta de video\":\"dcmksdc\"}","{\"Memoria RAM\":[{\"Cantidad\":\"16\",\"Tipo\":\"DDR3\"},{\"Cantidad\":\"16\",\"Tipo\":\"DDR3\"}],\"Disco Duro\":[{\"Capacidad\":\"500\",\"Tipo\":\"SSD\"}]}",null,null,null,null,null,"Desconocido",null,"2022","1 año","BUENO",3,null,"3 años","2023-01-01T00:00:00.000Z","No vigente","[]"]}
-----
{
  "time": "2025-11-24T18:41:45.106Z",
  "location": "createInventarioSede - pre-insert diagnostic",
  "payload": {
    "nombre": "PC cdsc",
    "categoria": "PC",
    "fabricante": "",
    "modelo": "cdsc",
    "serie": "scs",
    "assetId": "",
    "area": "Ventas",
    "estadoActivo": "activo",
    "estadoOperativo": "operativo",
    "fechaCompra": "2024-03-20",
    "fechaFinGarantia": "2025-03-20",
    "proveedor": "csdcscs",
    "tipoDocumentoCompra": "Factura",
    "numeroDocumentoCompra": "",
    "fechaCompraAprox": "",
    "fechaCompraUnknown": false,
    "purchaseDocumentDescription": "",
    "garantia": "1 año",
    "warrantyDocumentDescription": "",
    "condicionFisica": "REGULAR",
    "antiguedadCalculada": "1.7",
    "ip": "",
    "mac": "",
    "usuariosAsignados": [],
    "observaciones": "",
    "empresaId": "31",
    "sedeId": "20",
    "empresaNombre": "Imer",
    "sedeNombre": "Sede Ate",
    "empresa": "Imer",
    "sede": "Sede Ate",
    "pcCpu": "",
    "pcCpuGen": "",
    "pcCooler": "",
    "pcPlacaBase": "",
    "pcChipset": "",
    "pcRams": [],
    "pcStorages": [],
    "pcGpuIntegrada": "",
    "pcGpuDedicada": "",
    "pcFuente": "",
    "camposPersonalizados": {
      "Memoria RAM": "",
      "Disco Duro": "",
      "Tarjeta de video": "NVIDIA"
    },
    "camposPersonalizadosArray": {
      "Memoria RAM": [
        {
          "Cantidad": "16",
          "Tipo": "DDR3"
        }
      ],
      "Disco Duro": [
        {
          "Capacidad": "500",
          "Tipo": "SSD"
        },
        {
          "Capacidad": "500",
          "Tipo": "HDD"
        }
      ]
    },
    "fotos": [],
    "condicion_fisica": "REGULAR"
  }
}
-----
{"time":"2025-11-24T18:41:45.112Z","location":"createInventarioWithGeneratedAsset - placeholder mismatch","maxPlaceholderIndex":32,"paramsLength":34,"rawDollarCount":32,"insertSnippet":" INSERT INTO inventario ( empresa_id, sede_id, sede_original_id, asset_id, categoria, area, fabricante, modelo, serie, estado_activo, estado_operativo, fecha_compra, proveedor, ip, mac, usuarios_asignados, campos_personalizados, campos_personalizados_array, observaciones, purchase_document_url, warranty_document_url, purchase_document_description, warranty_document_description, tipo_documento_compra, numero_documento_compra, fecha_compra_aprox_year, garantia, condicion_fisica, antiguedad_anios, antiguedad_meses, antiguedad_text, fotos ) VALUES ($1,$2,$3,$4,$5,$6,$7,$8,$9,$10,$11,$12::date,$13,$14,$15,$16::jsonb,$17::jsonb,$18::jsonb,$19,$20,$21,$22,$23,$24,$25,$26,$27,$28,$29,$30,$31,$32::jsonb) RETURNING * ","paramsPreview":[31,20,20,"PC-0005","PC","Ventas",null,"cdsc","scs","activo","operativo","2024-03-20","csdcscs",null,null,"[]","{\"Memoria RAM\":\"\",\"Disco Duro\":\"\",\"Tarjeta de video\":\"NVIDIA\"}","{\"Memoria RAM\":[{\"Cantidad\":\"16\",\"Tipo\":\"DDR3\"}],\"Disco Duro\":[{\"Capacidad\":\"500\",\"Tipo\":\"SSD\"},{\"Capacidad\":\"500\",\"Tipo\":\"HDD\"}]}",null,null,null,null,null,"Factura",null,null,"1 año","REGULAR",1,8,"1 años y 8 meses","2025-03-20T00:00:00.000Z","No vigente","[]"]}
-----
{
  "time": "2025-11-25T22:17:02.713Z",
  "location": "createInventarioSede - pre-insert diagnostic",
  "payload": {
    "nombre": "PC ASUS-HPDN",
    "categoria": "PC",
    "fabricante": "Asus",
    "modelo": "ASUS-HPDN",
    "serie": "251515515123",
    "assetId": "",
    "area": "Ventas",
    "estadoActivo": "activo",
    "estadoOperativo": "operativo",
    "fechaCompra": "2024-06-25",
    "fechaFinGarantia": "2025-06-25",
    "proveedor": "Tecnologia SAC",
    "tipoDocumentoCompra": "Factura",
    "numeroDocumentoCompra": "F003-DNWO",
    "fechaCompraAprox": "",
    "fechaCompraUnknown": false,
    "purchaseDocumentDescription": "FACTURA CON LOS DETALLES ",
    "garantia": "1 año",
    "warrantyDocumentDescription": "GARANTIA CON LOS DETALLES",
    "condicionFisica": "BUENO",
    "antiguedadCalculada": "1.4",
    "ip": "192.168.1.34",
    "mac": "B4-2E-99-73-A1-0C",
    "usuariosAsignados": [
      {
        "nombre": "Enrique Marin Asipali",
        "correo": "enriquema@gmail.com",
        "cargo": "Gerente "
      }
    ],
    "observaciones": "El equipo se encontro en estaas cisrcuntaciasEl equipo se encontro en estaas cisrcuntaciasEl equipo se encontro en estaas cisrcuntaciasEl equipo se encontro en estaas cisrcuntaciasEl equipo se encontro en estaas cisrcuntacias",
    "empresaId": "31",
    "sedeId": "20",
    "empresaNombre": "Imer",
    "sedeNombre": "Sede Ate",
    "empresa": "Imer",
    "sede": "Sede Ate",
    "pcCpu": "",
    "pcCpuGen": "",
    "pcCooler": "",
    "pcPlacaBase": "",
    "pcChipset": "",
    "pcRams": [],
    "pcStorages": [],
    "pcGpuIntegrada": "",
    "pcGpuDedicada": "",
    "pcFuente": "",
    "camposPersonalizados": {
      "Memoria RAM": "",
      "Disco Duro": "",
      "Tarjeta de video": "NVIDIA 3070"
    },
    "camposPersonalizadosArray": {
      "Memoria RAM": [
        {
          "Cantidad": "16",
          "Tipo": "DDR4"
        },
        {
          "Cantidad": "16",
          "Tipo": "DDR4"
        }
      ],
      "Disco Duro": [
        {
          "Capacidad": "500",
          "Tipo": "SSD"
        },
        {
          "Capacidad": "500",
          "Tipo": "SSD"
        }
      ]
    },
    "fotos": [
      {
        "name": "PC ANTES.png",
        "description": "El equipo se encontro en estaas cisrcuntaciaEl equipo se encontro en estaas cisrcuntaciass"
      },
      {
        "name": "PC DESPUES.png",
        "description": "El equipo se encontro en estaas cisrcuntaciasEl equipo se encontro en estaas cisrcuntacias"
      },
      {
        "name": "foto grupo.png",
        "description": "El equipo se encontro en estaas cisrcuntaciasEl equipo se encontro en estaas cisrcuntacias"
      }
    ],
    "purchase_document_description": "FACTURA CON LOS DETALLES ",
    "warranty_document_description": "GARANTIA CON LOS DETALLES",
    "garantia_duracion": "1 año",
    "condicion_fisica": "BUENO",
    "uploadedFotos": [
      {
        "name": "PC ANTES.png",
        "description": "",
        "url": "http://localhost:4000/uploads/1764109020551-PC_ANTES.png"
      },
      {
        "name": "PC DESPUES.png",
        "description": "",
        "url": "http://localhost:4000/uploads/1764109020554-PC_DESPUES.png"
      },
      {
        "name": "foto grupo.png",
        "description": "",
        "url": "http://localhost:4000/uploads/1764109020557-foto_grupo.png"
      },
      {
        "name": "Compra Factura.pdf",
        "description": "",
        "url": "http://localhost:4000/uploads/1764109020571-Compra_Factura.pdf"
      },
      {
        "name": "Compra Factura.pdf",
        "description": "",
        "url": "http://localhost:4000/uploads/1764109020579-Compra_Factura.pdf"
      },
      {
        "name": "Compra Factura.pdf",
        "description": "",
        "url": "http://localhost:4000/uploads/1764109020584-Compra_Factura.pdf"
      },
      {
        "name": "Compra Factura.pdf",
        "description": "",
        "url": "http://localhost:4000/uploads/1764109020598-Compra_Factura.pdf"
      },
      {
        "name": "Garantia.pdf",
        "description": "",
        "url": "http://localhost:4000/uploads/1764109020604-Garantia.pdf"
      },
      {
        "name": "Garantia.pdf",
        "description": "",
        "url": "http://localhost:4000/uploads/1764109020605-Garantia.pdf"
      },
      {
        "name": "Garantia.pdf",
        "description": "",
        "url": "http://localhost:4000/uploads/1764109020606-Garantia.pdf"
      },
      {
        "name": "Garantia.pdf",
        "description": "",
        "url": "http://localhost:4000/uploads/1764109020606-Garantia.pdf"
      }
    ],
    "purchaseDocumentUrl": "http://localhost:4000/uploads/1764109020598-Compra_Factura.pdf",
    "warrantyDocumentUrl": "http://localhost:4000/uploads/1764109020606-Garantia.pdf"
  }
}
-----
{
  "time": "2025-12-04T21:47:45.413Z",
  "location": "createInventarioSede - pre-insert diagnostic",
  "payload": {
    "nombre": "PC rdg",
    "categoria": "PC",
    "fabricante": "HP",
    "modelo": "rdg",
    "serie": "3525352",
    "assetId": "",
    "area": "Ventas",
    "estadoActivo": "activo",
    "estadoOperativo": "operativo",
    "fechaCompra": "2025-12-03",
    "fechaFinGarantia": "2026-12-03",
    "proveedor": "LAFACUTRA",
    "tipoDocumentoCompra": "Factura",
    "numeroDocumentoCompra": "F0003",
    "fechaCompraAprox": "",
    "fechaCompraUnknown": false,
    "purchaseDocumentDescription": "",
    "garantia": "1 año",
    "warrantyDocumentDescription": "",
    "condicionFisica": "EXCELENTE",
    "antiguedadCalculada": "0",
    "ip": "456544545445",
    "mac": "DD454545",
    "usuariosAsignados": [
      {
        "nombre": "Grecia Pérez",
        "correo": "perezmontesgreciaanelhy@gmail.com",
        "cargo": "Asistente"
      }
    ],
    "observaciones": "cdvcdfvdffvfdvdfvdv",
    "empresaId": "31",
    "sedeId": "20",
    "empresaNombre": "Imer",
    "sedeNombre": "Sede Ate",
    "empresa": "Imer",
    "sede": "Sede Ate",
    "pcCpu": "",
    "pcCpuGen": "",
    "pcCooler": "",
    "pcPlacaBase": "",
    "pcChipset": "",
    "pcRams": [],
    "pcStorages": [],
    "pcGpuIntegrada": "",
    "pcGpuDedicada": "",
    "pcFuente": "",
    "camposPersonalizados": {
      "Memoria RAM": "",
      "Disco Duro": "",
      "Tarjeta de video": "4"
    },
    "camposPersonalizadosArray": {
      "Memoria RAM": [
        {
          "Cantidad": "16",
          "Tipo": "DDR4"
        }
      ],
      "Disco Duro": [
        {
          "Capacidad": "500",
          "Tipo": "SSD"
        },
        {
          "Capacidad": "500",
          "Tipo": "HDD"
        }
      ]
    },
    "fotos": [],
    "condicion_fisica": "EXCELENTE"
  }
}
-----
{
  "time": "2025-12-14T02:33:21.255Z",
  "location": "createInventarioSede - pre-insert diagnostic",
  "payload": {
    "nombre": "PC rdg",
    "categoria": "PC",
    "fabricante": "",
    "modelo": "rdg",
    "serie": "3525352",
    "assetId": "",
    "area": "recursos humanos",
    "estadoActivo": "activo",
    "estadoOperativo": "operativo",
    "fechaCompra": "",
    "fechaFinGarantia": "",
    "proveedor": "LAFACUTRA",
    "tipoDocumentoCompra": "Desconocido",
    "numeroDocumentoCompra": "",
    "fechaCompraAprox": "",
    "fechaCompraUnknown": false,
    "purchaseDocumentDescription": "",
    "garantia": "",
    "warrantyDocumentDescription": "",
    "condicionFisica": null,
    "antiguedadCalculada": "",
    "ip": "456544545445",
    "mac": "DD454545",
    "usuariosAsignados": [],
    "observaciones": "",
    "empresaId": "30",
    "sedeId": "18",
    "empresaNombre": "pruebaa22ddcd",
    "sedeNombre": "prueba 12",
    "empresa": "pruebaa22ddcd",
    "sede": "prueba 12",
    "pcCpu": "",
    "pcCpuGen": "",
    "pcCooler": "",
    "pcPlacaBase": "",
    "pcChipset": "",
    "pcRams": [],
    "pcStorages": [],
    "pcGpuIntegrada": "",
    "pcGpuDedicada": "",
    "pcFuente": "",
    "camposPersonalizados": {
      "Memoria RAM": "",
      "Disco Duro": "",
      "Tarjeta de video": "deff"
    },
    "camposPersonalizadosArray": {
      "Memoria RAM": [
        {
          "Cantidad": "12",
          "Tipo": "DDR4"
        }
      ],
      "Disco Duro": [
        {
          "Capacidad": "2",
          "Tipo": "SSD"
        }
      ]
    },
    "fotos": [],
    "condicion_fisica": null
  }
}
-----
{
  "time": "2025-12-14T02:43:34.716Z",
  "location": "createInventarioSede - pre-insert diagnostic",
  "payload": {
    "nombre": "PC rdg",
    "categoria": "PC",
    "fabricante": "Asus",
    "modelo": "rdg",
    "serie": "3525352",
    "assetId": "",
    "area": "Ventas",
    "estadoActivo": "activo",
    "estadoOperativo": "operativo",
    "fechaCompra": "",
    "fechaFinGarantia": "2024-01-01",
    "proveedor": "LAFACUTRA",
    "tipoDocumentoCompra": "Desconocido",
    "numeroDocumentoCompra": "",
    "fechaCompraAprox": "2023",
    "fechaCompraUnknown": false,
    "purchaseDocumentDescription": "",
    "garantia": "1 año",
    "warrantyDocumentDescription": "",
    "condicionFisica": "BUENO",
    "antiguedadCalculada": "3",
    "ip": "456544545445",
    "mac": "DD454545",
    "usuariosAsignados": [
      {
        "nombre": "Grecia",
        "correo": "greci@gmail.com",
        "cargo": "dfs"
      }
    ],
    "observaciones": "",
    "empresaId": "31",
    "sedeId": "21",
    "empresaNombre": "Imer",
    "sedeNombre": "Callao",
    "empresa": "Imer",
    "sede": "Callao",
    "pcCpu": "",
    "pcCpuGen": "",
    "pcCooler": "",
    "pcPlacaBase": "",
    "pcChipset": "",
    "pcRams": [],
    "pcStorages": [],
    "pcGpuIntegrada": "",
    "pcGpuDedicada": "",
    "pcFuente": "",
    "camposPersonalizados": {
      "Memoria RAM": "",
      "Disco Duro": "",
      "Tarjeta de video": "NJEFE"
    },
    "camposPersonalizadosArray": {
      "Memoria RAM": [
        {
          "Cantidad": "16",
          "Tipo": "DDR4"
        },
        {
          "Cantidad": "16",
          "Tipo": "DDR4"
        }
      ],
      "Disco Duro": [
        {
          "Capacidad": "500",
          "Tipo": "SSD"
        }
      ]
    },
    "fotos": [],
    "condicion_fisica": "BUENO"
  }
}
-----
{
  "time": "2025-12-15T19:45:04.890Z",
  "location": "createInventarioSede - pre-insert diagnostic",
  "payload": {
    "nombre": "PC EDFDF",
    "categoria": "PC",
    "fabricante": "Asus",
    "modelo": "EDFDF",
    "serie": "453434",
    "assetId": "IME-PC0001",
    "area": "Ventas",
    "estadoActivo": "activo",
    "estadoOperativo": "operativo",
    "fechaCompra": "",
    "fechaFinGarantia": "",
    "proveedor": "CDCXDC",
    "tipoDocumentoCompra": "Factura",
    "numeroDocumentoCompra": "",
    "fechaCompraAprox": "",
    "fechaCompraUnknown": false,
    "purchaseDocumentDescription": "",
    "garantia": "6 meses",
    "warrantyDocumentDescription": "",
    "condicionFisica": null,
    "antiguedadCalculada": "",
    "ip": "",
    "mac": "",
    "usuariosAsignados": [],
    "observaciones": "",
    "empresaId": "31",
    "sedeId": "20",
    "empresaNombre": "Imer",
    "sedeNombre": "Sede Ate",
    "empresa": "Imer",
    "sede": "Sede Ate",
    "pcCpu": "",
    "pcCpuGen": "",
    "pcCooler": "",
    "pcPlacaBase": "",
    "pcChipset": "",
    "pcRams": [],
    "pcStorages": [],
    "pcGpuIntegrada": "",
    "pcGpuDedicada": "",
    "pcFuente": "",
    "camposPersonalizados": {
      "Memoria RAM": "",
      "Disco Duro": "",
      "Tarjeta de video": "GBFGBGB"
    },
    "camposPersonalizadosArray": {
      "Memoria RAM": [
        {
          "Cantidad": "16",
          "Tipo": "DDR3"
        }
      ],
      "Disco Duro": [
        {
          "Capacidad": "500",
          "Tipo": "SSD"
        }
      ]
    },
    "fotos": [],
    "condicion_fisica": null
  }
}
-----
{
  "time": "2025-12-15T19:48:43.414Z",
  "location": "createInventarioSede - pre-insert diagnostic",
  "payload": {
    "nombre": "PC dd",
    "categoria": "PC",
    "fabricante": "HP",
    "modelo": "dd",
    "serie": "dsadsd",
    "assetId": "",
    "area": "recursos humanos",
    "estadoActivo": "activo",
    "estadoOperativo": "operativo",
    "fechaCompra": "",
    "fechaFinGarantia": "",
    "proveedor": "",
    "tipoDocumentoCompra": "Boleta",
    "numeroDocumentoCompra": "",
    "fechaCompraAprox": "",
    "fechaCompraUnknown": false,
    "purchaseDocumentDescription": "",
    "garantia": "",
    "warrantyDocumentDescription": "",
    "condicionFisica": null,
    "antiguedadCalculada": "",
    "ip": "",
    "mac": "",
    "usuariosAsignados": [],
    "observaciones": "",
    "empresaId": "30",
    "sedeId": "18",
    "empresaNombre": "pruebaa22ddcd",
    "sedeNombre": "prueba 12",
    "empresa": "pruebaa22ddcd",
    "sede": "prueba 12",
    "pcCpu": "",
    "pcCpuGen": "",
    "pcCooler": "",
    "pcPlacaBase": "",
    "pcChipset": "",
    "pcRams": [],
    "pcStorages": [],
    "pcGpuIntegrada": "",
    "pcGpuDedicada": "",
    "pcFuente": "",
    "camposPersonalizados": {
      "Memoria RAM": "",
      "Disco Duro": "",
      "Tarjeta de video": "uiytju"
    },
    "camposPersonalizadosArray": {
      "Memoria RAM": [
        {
          "Cantidad": "16",
          "Tipo": "DDR4"
        }
      ],
      "Disco Duro": [
        {
          "Capacidad": "500",
          "Tipo": "SSD"
        }
      ]
    },
    "fotos": [],
    "condicion_fisica": null
  }
}
-----
{
  "time": "2025-12-15T20:01:00.551Z",
  "location": "createInventarioSede - pre-insert diagnostic",
  "payload": {
    "nombre": "PC kkbjbhj",
    "categoria": "PC",
    "fabricante": "Asus",
    "modelo": "kkbjbhj",
    "serie": "151515",
    "assetId": "",
    "area": "Ventas",
    "estadoActivo": "activo",
    "estadoOperativo": "operativo",
    "fechaCompra": "",
    "fechaFinGarantia": "",
    "proveedor": "",
    "tipoDocumentoCompra": "Desconocido",
    "numeroDocumentoCompra": "",
    "fechaCompraAprox": "",
    "fechaCompraUnknown": false,
    "purchaseDocumentDescription": "",
    "garantia": "",
    "warrantyDocumentDescription": "",
    "condicionFisica": null,
    "antiguedadCalculada": "",
    "ip": "",
    "mac": "",
    "usuariosAsignados": [],
    "observaciones": "",
    "empresaId": "31",
    "sedeId": "20",
    "empresaNombre": "Imer",
    "sedeNombre": "Sede Ate",
    "empresa": "Imer",
    "sede": "Sede Ate",
    "pcCpu": "",
    "pcCpuGen": "",
    "pcCooler": "",
    "pcPlacaBase": "",
    "pcChipset": "",
    "pcRams": [],
    "pcStorages": [],
    "pcGpuIntegrada": "",
    "pcGpuDedicada": "",
    "pcFuente": "",
    "camposPersonalizados": {
      "Memoria RAM": "",
      "Disco Duro": "",
      "Tarjeta de video": "njbjhb"
    },
    "camposPersonalizadosArray": {
      "Memoria RAM": [
        {
          "Cantidad": "16",
          "Tipo": "DDR4"
        }
      ],
      "Disco Duro": [
        {
          "Capacidad": "500",
          "Tipo": "SSD"
        }
      ]
    },
    "fotos": [],
    "condicion_fisica": null
  }
}
-----
{
  "time": "2025-12-15T20:01:00.567Z",
  "route": "/api/empresas/:empresaId/sedes/:sedeId/inventario (sede)",
  "params": {
    "empresaId": "31",
    "sedeId": "20"
  },
  "bodyPreview": {
    "nombre": "PC kkbjbhj",
    "categoria": "PC",
    "fabricante": "Asus",
    "modelo": "kkbjbhj",
    "serie": "151515",
    "assetId": "",
    "area": "Ventas",
    "estadoActivo": "activo",
    "estadoOperativo": "operativo",
    "fechaCompra": "",
    "fechaFinGarantia": "",
    "proveedor": "",
    "tipoDocumentoCompra": "Desconocido",
    "numeroDocumentoCompra": "",
    "fechaCompraAprox": "",
    "fechaCompraUnknown": false,
    "purchaseDocumentDescription": "",
    "garantia": "",
    "warrantyDocumentDescription": "",
    "condicionFisica": null,
    "antiguedadCalculada": "",
    "ip": "",
    "mac": "",
    "usuariosAsignados": [],
    "observaciones": "",
    "empresaId": "31",
    "sedeId": "20",
    "empresaNombre": "Imer",
    "sedeNombre": "Sede Ate",
    "empresa": "Imer",
    "sede": "Sede Ate",
    "pcCpu": "",
    "pcCpuGen": "",
    "pcCooler": "",
    "pcPlacaBase": "",
    "pcChipset": "",
    "pcRams": [],
    "pcStorages": [],
    "pcGpuIntegrada": "",
    "pcGpuDedicada": "",
    "pcFuente": "",
    "camposPersonalizados": {
      "Memoria RAM": "",
      "Disco Duro": "",
      "Tarjeta de video": "njbjhb"
    },
    "camposPersonalizadosArray": {
      "Memoria RAM": [
        {
          "Cantidad": "16",
          "Tipo": "DDR4"
        }
      ],
      "Disco Duro": [
        {
          "Capacidad": "500",
          "Tipo": "SSD"
        }
      ]
    },
    "fotos": [],
    "condicion_fisica": null
  },
  "files": null,
  "error": "Error: Empresa sin código asignado: 31\n    at Object.getNextCode (C:\\Users\\Grecia\\Documents\\intisoft-backend\\src\\modules\\empresas\\services\\activos_codigo.service.ts:32:11)\n    at processTicksAndRejections (node:internal/process/task_queues:105:5)\n    at async Object.crearInventario (C:\\Users\\Grecia\\Documents\\intisoft-backend\\src\\modules\\empresas\\services\\inventario.service.ts:199:27)\n    at async createInventarioSede (C:\\Users\\Grecia\\Documents\\intisoft-backend\\src\\modules\\empresas\\controllers\\inventario.controller.ts:493:24)"
}
-----
{
  "time": "2025-12-15T20:04:55.428Z",
  "location": "createInventarioSede - pre-insert diagnostic",
  "payload": {
    "nombre": "PC IME-PC0001",
    "categoria": "PC",
    "fabricante": "HP",
    "modelo": "",
    "serie": "",
    "assetId": "IME-PC0001",
    "area": "Ventas",
    "estadoActivo": "activo",
    "estadoOperativo": "operativo",
    "fechaCompra": "",
    "fechaFinGarantia": "",
    "proveedor": "",
    "tipoDocumentoCompra": "Desconocido",
    "numeroDocumentoCompra": "",
    "fechaCompraAprox": "",
    "fechaCompraUnknown": false,
    "purchaseDocumentDescription": "",
    "garantia": "",
    "warrantyDocumentDescription": "",
    "condicionFisica": null,
    "antiguedadCalculada": "",
    "ip": "",
    "mac": "",
    "usuariosAsignados": [],
    "observaciones": "",
    "empresaId": "31",
    "sedeId": "20",
    "empresaNombre": "Imer",
    "sedeNombre": "Sede Ate",
    "empresa": "Imer",
    "sede": "Sede Ate",
    "pcCpu": "",
    "pcCpuGen": "",
    "pcCooler": "",
    "pcPlacaBase": "",
    "pcChipset": "",
    "pcRams": [],
    "pcStorages": [],
    "pcGpuIntegrada": "",
    "pcGpuDedicada": "",
    "pcFuente": "",
    "camposPersonalizados": {
      "Memoria RAM": "",
      "Disco Duro": "",
      "Tarjeta de video": "4"
    },
    "camposPersonalizadosArray": {
      "Memoria RAM": [
        {
          "Cantidad": "13",
          "Tipo": "DDR4"
        }
      ],
      "Disco Duro": [
        {
          "Capacidad": "4",
          "Tipo": "SSD"
        }
      ]
    },
    "fotos": [],
    "condicion_fisica": null
  }
}
-----
{
  "time": "2025-12-15T20:05:26.900Z",
  "location": "createInventarioSede - pre-insert diagnostic",
  "payload": {
    "nombre": "PC -",
    "categoria": "PC",
    "fabricante": "Asus",
    "modelo": "",
    "serie": "",
    "assetId": "",
    "area": "recursos humanos",
    "estadoActivo": "activo",
    "estadoOperativo": "operativo",
    "fechaCompra": "",
    "fechaFinGarantia": "",
    "proveedor": "",
    "tipoDocumentoCompra": "Desconocido",
    "numeroDocumentoCompra": "",
    "fechaCompraAprox": "",
    "fechaCompraUnknown": false,
    "purchaseDocumentDescription": "",
    "garantia": "",
    "warrantyDocumentDescription": "",
    "condicionFisica": null,
    "antiguedadCalculada": "",
    "ip": "",
    "mac": "",
    "usuariosAsignados": [],
    "observaciones": "",
    "empresaId": "30",
    "sedeId": "18",
    "empresaNombre": "pruebaa22ddcd",
    "sedeNombre": "prueba 12",
    "empresa": "pruebaa22ddcd",
    "sede": "prueba 12",
    "pcCpu": "",
    "pcCpuGen": "",
    "pcCooler": "",
    "pcPlacaBase": "",
    "pcChipset": "",
    "pcRams": [],
    "pcStorages": [],
    "pcGpuIntegrada": "",
    "pcGpuDedicada": "",
    "pcFuente": "",
    "camposPersonalizados": {
      "Memoria RAM": "",
      "Disco Duro": "",
      "Tarjeta de video": "sdvdsvdsvsd"
    },
    "camposPersonalizadosArray": {
      "Memoria RAM": [
        {
          "Cantidad": "5",
          "Tipo": "DDR3"
        }
      ],
      "Disco Duro": [
        {
          "Capacidad": "498",
          "Tipo": ""
        }
      ]
    },
    "fotos": [],
    "condicion_fisica": null
  }
}
-----
{
  "time": "2025-12-15T20:05:59.656Z",
  "location": "createInventarioSede - pre-insert diagnostic",
  "payload": {
    "nombre": "PC sdf",
    "categoria": "PC",
    "fabricante": "Asus",
    "modelo": "sdf",
    "serie": "54354",
    "assetId": "",
    "area": "Ventas",
    "estadoActivo": "activo",
    "estadoOperativo": "operativo",
    "fechaCompra": "",
    "fechaFinGarantia": "",
    "proveedor": "",
    "tipoDocumentoCompra": "Desconocido",
    "numeroDocumentoCompra": "",
    "fechaCompraAprox": "",
    "fechaCompraUnknown": false,
    "purchaseDocumentDescription": "",
    "garantia": "",
    "warrantyDocumentDescription": "",
    "condicionFisica": null,
    "antiguedadCalculada": "",
    "ip": "",
    "mac": "",
    "usuariosAsignados": [],
    "observaciones": "",
    "empresaId": "31",
    "sedeId": "21",
    "empresaNombre": "Imer",
    "sedeNombre": "Callao",
    "empresa": "Imer",
    "sede": "Callao",
    "pcCpu": "",
    "pcCpuGen": "",
    "pcCooler": "",
    "pcPlacaBase": "",
    "pcChipset": "",
    "pcRams": [],
    "pcStorages": [],
    "pcGpuIntegrada": "",
    "pcGpuDedicada": "",
    "pcFuente": "",
    "camposPersonalizados": {
      "Memoria RAM": "",
      "Disco Duro": "",
      "Tarjeta de video": "dbfb"
    },
    "camposPersonalizadosArray": {
      "Memoria RAM": [
        {
          "Cantidad": "16",
          "Tipo": "DDR4"
        }
      ],
      "Disco Duro": [
        {
          "Capacidad": "500",
          "Tipo": "SSD"
        }
      ]
    },
    "fotos": [],
    "condicion_fisica": null
  }
}
-----
{
  "time": "2025-12-15T20:06:27.938Z",
  "location": "createInventarioSede - pre-insert diagnostic",
  "payload": {
    "nombre": "PC 542",
    "categoria": "PC",
    "fabricante": "Asus",
    "modelo": "542",
    "serie": "",
    "assetId": "",
    "area": "Ventas",
    "estadoActivo": "activo",
    "estadoOperativo": "operativo",
    "fechaCompra": "",
    "fechaFinGarantia": "",
    "proveedor": "",
    "tipoDocumentoCompra": "Desconocido",
    "numeroDocumentoCompra": "",
    "fechaCompraAprox": "",
    "fechaCompraUnknown": false,
    "purchaseDocumentDescription": "",
    "garantia": "",
    "warrantyDocumentDescription": "",
    "condicionFisica": null,
    "antiguedadCalculada": "",
    "ip": "",
    "mac": "",
    "usuariosAsignados": [],
    "observaciones": "",
    "empresaId": "31",
    "sedeId": "20",
    "empresaNombre": "Imer",
    "sedeNombre": "Sede Ate",
    "empresa": "Imer",
    "sede": "Sede Ate",
    "pcCpu": "",
    "pcCpuGen": "",
    "pcCooler": "",
    "pcPlacaBase": "",
    "pcChipset": "",
    "pcRams": [],
    "pcStorages": [],
    "pcGpuIntegrada": "",
    "pcGpuDedicada": "",
    "pcFuente": "",
    "camposPersonalizados": {
      "Memoria RAM": "",
      "Disco Duro": "",
      "Tarjeta de video": "dbfvdvd"
    },
    "camposPersonalizadosArray": {
      "Memoria RAM": [
        {
          "Cantidad": "16",
          "Tipo": "DDR4"
        }
      ],
      "Disco Duro": [
        {
          "Capacidad": "500",
          "Tipo": "HDD"
        }
      ]
    },
    "fotos": [],
    "condicion_fisica": null
  }
}
-----
{
  "time": "2025-12-15T20:06:48.787Z",
  "location": "createInventarioSede - pre-insert diagnostic",
  "payload": {
    "nombre": "PC IME-PC0004",
    "categoria": "PC",
    "fabricante": "",
    "modelo": "",
    "serie": "",
    "assetId": "IME-PC0004",
    "area": "Ventas",
    "estadoActivo": "activo",
    "estadoOperativo": "operativo",
    "fechaCompra": "",
    "fechaFinGarantia": "",
    "proveedor": "",
    "tipoDocumentoCompra": "Desconocido",
    "numeroDocumentoCompra": "",
    "fechaCompraAprox": "",
    "fechaCompraUnknown": false,
    "purchaseDocumentDescription": "",
    "garantia": "",
    "warrantyDocumentDescription": "",
    "condicionFisica": null,
    "antiguedadCalculada": "",
    "ip": "",
    "mac": "",
    "usuariosAsignados": [],
    "observaciones": "",
    "empresaId": "31",
    "sedeId": "20",
    "empresaNombre": "Imer",
    "sedeNombre": "Sede Ate",
    "empresa": "Imer",
    "sede": "Sede Ate",
    "pcCpu": "",
    "pcCpuGen": "",
    "pcCooler": "",
    "pcPlacaBase": "",
    "pcChipset": "",
    "pcRams": [],
    "pcStorages": [],
    "pcGpuIntegrada": "",
    "pcGpuDedicada": "",
    "pcFuente": "",
    "camposPersonalizados": {
      "Memoria RAM": "",
      "Disco Duro": "",
      "Tarjeta de video": "escsd"
    },
    "camposPersonalizadosArray": {
      "Memoria RAM": [
        {
          "Cantidad": "16",
          "Tipo": "DDR3"
        }
      ],
      "Disco Duro": [
        {
          "Capacidad": "500",
          "Tipo": "SSD"
        }
      ]
    },
    "fotos": [],
    "condicion_fisica": null
  }
}
-----
{
  "time": "2025-12-15T20:08:07.878Z",
  "location": "createInventarioSede - pre-insert diagnostic",
  "payload": {
    "nombre": "PC -",
    "categoria": "PC",
    "fabricante": "Asus",
    "modelo": "",
    "serie": "",
    "assetId": "",
    "area": "recursos humanos",
    "estadoActivo": "activo",
    "estadoOperativo": "operativo",
    "fechaCompra": "",
    "fechaFinGarantia": "",
    "proveedor": "",
    "tipoDocumentoCompra": "Desconocido",
    "numeroDocumentoCompra": "",
    "fechaCompraAprox": "",
    "fechaCompraUnknown": false,
    "purchaseDocumentDescription": "",
    "garantia": "",
    "warrantyDocumentDescription": "",
    "condicionFisica": null,
    "antiguedadCalculada": "",
    "ip": "",
    "mac": "",
    "usuariosAsignados": [],
    "observaciones": "",
    "empresaId": "30",
    "sedeId": "18",
    "empresaNombre": "pruebaa22ddcd",
    "sedeNombre": "prueba 12",
    "empresa": "pruebaa22ddcd",
    "sede": "prueba 12",
    "pcCpu": "",
    "pcCpuGen": "",
    "pcCooler": "",
    "pcPlacaBase": "",
    "pcChipset": "",
    "pcRams": [],
    "pcStorages": [],
    "pcGpuIntegrada": "",
    "pcGpuDedicada": "",
    "pcFuente": "",
    "camposPersonalizados": {
      "Memoria RAM": "",
      "Disco Duro": "",
      "Tarjeta de video": "dvfdvf"
    },
    "camposPersonalizadosArray": {
      "Memoria RAM": [
        {
          "Cantidad": "16",
          "Tipo": "DDR5"
        }
      ],
      "Disco Duro": [
        {
          "Capacidad": "500",
          "Tipo": "HDD"
        }
      ]
    },
    "fotos": [],
    "condicion_fisica": null
  }
}
-----
{
  "time": "2025-12-16T14:18:15.675Z",
  "location": "createInventarioSede - pre-insert diagnostic",
  "payload": {
    "nombre": "PC 6yhr",
    "categoria": "PC",
    "fabricante": "Asus",
    "modelo": "6yhr",
    "serie": "dffrf",
    "assetId": "",
    "area": "hola",
    "estadoActivo": "activo",
    "estadoOperativo": "operativo",
    "fechaCompra": "",
    "fechaFinGarantia": "",
    "proveedor": "",
    "tipoDocumentoCompra": "Desconocido",
    "numeroDocumentoCompra": "",
    "fechaCompraAprox": "",
    "fechaCompraUnknown": false,
    "purchaseDocumentDescription": "",
    "garantia": "",
    "warrantyDocumentDescription": "",
    "condicionFisica": null,
    "antiguedadCalculada": "",
    "ip": "",
    "mac": "",
    "usuariosAsignados": [],
    "observaciones": "",
    "empresaId": "29",
    "sedeId": "16",
    "empresaNombre": "pruebaa22",
    "sedeNombre": "prueba 1344",
    "empresa": "pruebaa22",
    "sede": "prueba 1344",
    "pcCpu": "",
    "pcCpuGen": "",
    "pcCooler": "",
    "pcPlacaBase": "",
    "pcChipset": "",
    "pcRams": [],
    "pcStorages": [],
    "pcGpuIntegrada": "",
    "pcGpuDedicada": "",
    "pcFuente": "",
    "camposPersonalizados": {
      "Memoria RAM": "",
      "Disco Duro": "",
      "Tarjeta de video": "fddd"
    },
    "camposPersonalizadosArray": {
      "Memoria RAM": [
        {
          "Cantidad": "16",
          "Tipo": "DDR4"
        }
      ],
      "Disco Duro": [
        {
          "Capacidad": "16",
          "Tipo": "SSD"
        }
      ]
    },
    "fotos": [],
    "condicion_fisica": null
  }
}
-----
